#
# There is insufficient memory for the Java Runtime Environment to continue.
# Native memory allocation (mmap) failed to map 65011712 bytes for committing reserved memory.
# Possible reasons:
#   The system is out of physical RAM or swap space
#   In 32 bit mode, the process size limit was hit
# Possible solutions:
#   Reduce memory load on the system
#   Increase physical memory or swap space
#   Check if swap backing store is full
#   Use 64 bit Java on a 64 bit OS
#   Decrease Java heap size (-Xmx/-Xms)
#   Decrease number of Java threads
#   Decrease Java thread stack sizes (-Xss)
#   Set larger code cache with -XX:ReservedCodeCacheSize=
# This output file may be truncated or incomplete.
#
#  Out of Memory Error (os_linux.cpp:2627), pid=14093, tid=140265658496768
#
# JRE version: Java(TM) SE Runtime Environment (8.0_74-b02) (build 1.8.0_74-b02)
# Java VM: Java HotSpot(TM) 64-Bit Server VM (25.74-b02 mixed mode linux-amd64 compressed oops)
# Failed to write core dump. Core dumps have been disabled. To enable core dumping, try "ulimit -c unlimited" before starting Java again
#

---------------  T H R E A D  ---------------

Current thread (0x00007f923413f000):  VMThread [stack: 0x00007f9224afb000,0x00007f9224bfc000] [id=14101]

Stack: [0x00007f9224afb000,0x00007f9224bfc000],  sp=0x00007f9224bfa260,  free space=1020k
Native frames: (J=compiled Java code, j=interpreted, Vv=VM code, C=native code)
V  [libjvm.so+0xaba7ea]  VMError::report_and_die()+0x2ba
V  [libjvm.so+0x4f9e3b]  report_vm_out_of_memory(char const*, int, unsigned long, VMErrorType, char const*)+0x8b
V  [libjvm.so+0x91b613]  os::Linux::commit_memory_impl(char*, unsigned long, bool)+0x103
V  [libjvm.so+0x91bb69]  os::pd_commit_memory(char*, unsigned long, unsigned long, bool)+0x29
V  [libjvm.so+0x915e6a]  os::commit_memory(char*, unsigned long, unsigned long, bool)+0x2a
V  [libjvm.so+0x989543]  PSVirtualSpace::expand_by(unsigned long)+0x53
V  [libjvm.so+0x98a948]  PSYoungGen::resize_generation(unsigned long, unsigned long)+0xf8
V  [libjvm.so+0x989aa2]  PSYoungGen::resize(unsigned long, unsigned long)+0x22
V  [libjvm.so+0x986d7b]  PSScavenge::invoke_no_policy()+0xf3b
V  [libjvm.so+0x987501]  PSScavenge::invoke()+0x41
V  [libjvm.so+0x93f300]  ParallelScavengeHeap::failed_mem_allocate(unsigned long)+0x70
V  [libjvm.so+0xabc207]  VM_ParallelGCFailedAllocation::doit()+0x97
V  [libjvm.so+0xac3c35]  VM_Operation::evaluate()+0x55
V  [libjvm.so+0xac200a]  VMThread::evaluate_operation(VM_Operation*)+0xba
V  [libjvm.so+0xac238e]  VMThread::loop()+0x1ce
V  [libjvm.so+0xac2800]  VMThread::run()+0x70
V  [libjvm.so+0x91d9d8]  java_start(Thread*)+0x108

VM_Operation (0x00007f923d728760): ParallelGCFailedAllocation, mode: safepoint, requested by thread 0x00007f923400a000


---------------  P R O C E S S  ---------------

Java Threads: ( => current thread )
  0x00007f9234ea9800 JavaThread "Hashed wheel timer #13" [_thread_blocked, id=14617, stack(0x00007f91a0f79000,0x00007f91a107a000)]
  0x00007f91d0003800 JavaThread "Hashed wheel timer #14" [_thread_blocked, id=14616, stack(0x00007f91a107a000,0x00007f91a117b000)]
  0x00007f9234ef3000 JavaThread "New I/O boss #63" [_thread_blocked, id=14612, stack(0x00007f91a117b000,0x00007f91a127c000)]
  0x00007f9234ef1000 JavaThread "New I/O worker #62" [_thread_blocked, id=14611, stack(0x00007f91a127c000,0x00007f91a137d000)]
  0x00007f9234eef000 JavaThread "New I/O worker #61" [_thread_blocked, id=14610, stack(0x00007f91a137d000,0x00007f91a147e000)]
  0x00007f9234eed000 JavaThread "New I/O worker #60" [_thread_blocked, id=14609, stack(0x00007f91a147e000,0x00007f91a157f000)]
  0x00007f9234eeb800 JavaThread "New I/O worker #59" [_thread_blocked, id=14608, stack(0x00007f91a157f000,0x00007f91a1680000)]
  0x00007f9234f1d800 JavaThread "New I/O worker #58" [_thread_blocked, id=14607, stack(0x00007f91a1680000,0x00007f91a1781000)]
  0x00007f9234f1d000 JavaThread "New I/O worker #57" [_thread_blocked, id=14606, stack(0x00007f91a37f8000,0x00007f91a38f9000)]
  0x00007f9234f1c000 JavaThread "New I/O worker #56" [_thread_blocked, id=14605, stack(0x00007f91a2aeb000,0x00007f91a2bec000)]
  0x00007f9234f3d800 JavaThread "New I/O worker #55" [_thread_blocked, id=14604, stack(0x00007f91a1dde000,0x00007f91a1edf000)]
  0x00007f9234e8a000 JavaThread "Hashed wheel timer #11" [_thread_blocked, id=14519, stack(0x00007f91a1edf000,0x00007f91a1fe0000)]
  0x00007f91a4002000 JavaThread "Hashed wheel timer #12" [_thread_blocked, id=14517, stack(0x00007f91a1fe0000,0x00007f91a20e1000)]
  0x00007f9234e88000 JavaThread "New I/O boss #54" [_thread_blocked, id=14515, stack(0x00007f91a20e1000,0x00007f91a21e2000)]
  0x00007f9234e69000 JavaThread "New I/O worker #53" [_thread_blocked, id=14514, stack(0x00007f91a21e2000,0x00007f91a22e3000)]
  0x00007f9234e4a800 JavaThread "New I/O worker #52" [_thread_blocked, id=14513, stack(0x00007f91a22e3000,0x00007f91a23e4000)]
  0x00007f9234e2b800 JavaThread "New I/O worker #51" [_thread_blocked, id=14512, stack(0x00007f91a23e4000,0x00007f91a24e5000)]
  0x00007f9234e0d000 JavaThread "New I/O worker #50" [_thread_blocked, id=14511, stack(0x00007f91a24e5000,0x00007f91a25e6000)]
  0x00007f9234dee000 JavaThread "New I/O worker #49" [_thread_blocked, id=14509, stack(0x00007f91a25e6000,0x00007f91a26e7000)]
  0x00007f9234dcf800 JavaThread "New I/O worker #48" [_thread_blocked, id=14508, stack(0x00007f91a26e7000,0x00007f91a27e8000)]
  0x00007f9234db0800 JavaThread "New I/O worker #47" [_thread_blocked, id=14507, stack(0x00007f91a27e8000,0x00007f91a28e9000)]
  0x00007f9234d92800 JavaThread "New I/O worker #46" [_thread_blocked, id=14506, stack(0x00007f91a28e9000,0x00007f91a29ea000)]
  0x00007f9234b80000 JavaThread "hystrix-SearchPerson-10" daemon [_thread_blocked, id=14503, stack(0x00007f91a29ea000,0x00007f91a2aeb000)]
  0x00007f9234b82800 JavaThread "Hashed wheel timer #9" [_thread_blocked, id=14446, stack(0x00007f91a2bec000,0x00007f91a2ced000)]
  0x00007f91fc03a000 JavaThread "Hashed wheel timer #10" [_thread_blocked, id=14443, stack(0x00007f91a2ced000,0x00007f91a2dee000)]
  0x00007f9234b7b800 JavaThread "New I/O boss #45" [_thread_blocked, id=14441, stack(0x00007f91a2dee000,0x00007f91a2eef000)]
  0x00007f9234d66800 JavaThread "New I/O worker #44" [_thread_blocked, id=14439, stack(0x00007f91a2eef000,0x00007f91a2ff0000)]
  0x00007f9234d48000 JavaThread "New I/O worker #43" [_thread_blocked, id=14438, stack(0x00007f91a2ff0000,0x00007f91a30f1000)]
  0x00007f9234b89800 JavaThread "New I/O worker #42" [_thread_blocked, id=14437, stack(0x00007f91a30f1000,0x00007f91a31f2000)]
  0x00007f9234b88000 JavaThread "New I/O worker #41" [_thread_blocked, id=14436, stack(0x00007f91a31f2000,0x00007f91a32f3000)]
  0x00007f9234b86000 JavaThread "New I/O worker #40" [_thread_blocked, id=14435, stack(0x00007f91a32f3000,0x00007f91a33f4000)]
  0x00007f9234b84800 JavaThread "New I/O worker #39" [_thread_blocked, id=14434, stack(0x00007f91a33f4000,0x00007f91a34f5000)]
  0x00007f9234b7b000 JavaThread "New I/O worker #38" [_thread_blocked, id=14433, stack(0x00007f91a34f5000,0x00007f91a35f6000)]
  0x00007f9234b79000 JavaThread "New I/O worker #37" [_thread_blocked, id=14432, stack(0x00007f91a35f6000,0x00007f91a36f7000)]
  0x00007f9234b77800 JavaThread "hystrix-SearchPerson-9" daemon [_thread_blocked, id=14428, stack(0x00007f91a36f7000,0x00007f91a37f8000)]
  0x00007f9234b73800 JavaThread "Hashed wheel timer #7" [_thread_blocked, id=14371, stack(0x00007f91a38f9000,0x00007f91a39fa000)]
  0x00007f91bc002000 JavaThread "Hashed wheel timer #8" [_thread_blocked, id=14369, stack(0x00007f91a39fa000,0x00007f91a3afb000)]
  0x00007f9234c8b000 JavaThread "New I/O boss #36" [_thread_blocked, id=14366, stack(0x00007f91a3afb000,0x00007f91a3bfc000)]
  0x00007f9234c6c800 JavaThread "New I/O worker #35" [_thread_blocked, id=14365, stack(0x00007f91a3bfc000,0x00007f91a3cfd000)]
  0x00007f9234c4d800 JavaThread "New I/O worker #34" [_thread_blocked, id=14364, stack(0x00007f91a3cfd000,0x00007f91a3dfe000)]
  0x00007f9234c2f000 JavaThread "New I/O worker #33" [_thread_blocked, id=14363, stack(0x00007f91a3dfe000,0x00007f91a3eff000)]
  0x00007f9234c10800 JavaThread "New I/O worker #32" [_thread_blocked, id=14362, stack(0x00007f91a3eff000,0x00007f91a4000000)]
  0x00007f9234bf1800 JavaThread "New I/O worker #31" [_thread_blocked, id=14361, stack(0x00007f91ec090000,0x00007f91ec191000)]
  0x00007f9234bd3000 JavaThread "New I/O worker #30" [_thread_blocked, id=14360, stack(0x00007f91ec191000,0x00007f91ec292000)]
  0x00007f92345fb800 JavaThread "New I/O worker #29" [_thread_blocked, id=14359, stack(0x00007f91ec292000,0x00007f91ec393000)]
  0x00007f92345fa000 JavaThread "New I/O worker #28" [_thread_blocked, id=14358, stack(0x00007f91ec393000,0x00007f91ec494000)]
  0x00007f9234885000 JavaThread "hystrix-SearchPerson-8" daemon [_thread_blocked, id=14354, stack(0x00007f91eebb9000,0x00007f91eecba000)]
  0x00007f92345f8000 JavaThread "hystrix-SearchPerson-7" daemon [_thread_blocked, id=14350, stack(0x00007f91ec494000,0x00007f91ec595000)]
  0x00007f92345f5800 JavaThread "hystrix-SearchPerson-6" daemon [_thread_blocked, id=14332, stack(0x00007f91ec595000,0x00007f91ec696000)]
  0x00007f92341e2800 JavaThread "hystrix-SearchPerson-5" daemon [_thread_blocked, id=14314, stack(0x00007f91ed5a5000,0x00007f91ed6a6000)]
  0x00007f9234b72000 JavaThread "Hashed wheel timer #5" [_thread_blocked, id=14268, stack(0x00007f91ec696000,0x00007f91ec797000)]
  0x00007f921c008000 JavaThread "Hashed wheel timer #6" [_thread_blocked, id=14264, stack(0x00007f91ec797000,0x00007f91ec898000)]
  0x00007f9234b70000 JavaThread "New I/O boss #27" [_thread_blocked, id=14263, stack(0x00007f91ec898000,0x00007f91ec999000)]
  0x00007f9234b51800 JavaThread "New I/O worker #26" [_thread_blocked, id=14262, stack(0x00007f91ec999000,0x00007f91eca9a000)]
  0x00007f9234b32800 JavaThread "New I/O worker #25" [_thread_blocked, id=14261, stack(0x00007f91eca9a000,0x00007f91ecb9b000)]
  0x00007f9234b14000 JavaThread "New I/O worker #24" [_thread_blocked, id=14260, stack(0x00007f91ecb9b000,0x00007f91ecc9c000)]
  0x00007f9234af5000 JavaThread "New I/O worker #23" [_thread_blocked, id=14259, stack(0x00007f91ecc9c000,0x00007f91ecd9d000)]
  0x00007f9234ad6800 JavaThread "New I/O worker #22" [_thread_blocked, id=14258, stack(0x00007f91ecd9d000,0x00007f91ece9e000)]
  0x00007f9234ab8000 JavaThread "New I/O worker #21" [_thread_blocked, id=14257, stack(0x00007f91ece9e000,0x00007f91ecf9f000)]
  0x00007f9234a99000 JavaThread "New I/O worker #20" [_thread_blocked, id=14256, stack(0x00007f91ecf9f000,0x00007f91ed0a0000)]
  0x00007f9234a7a000 JavaThread "New I/O worker #19" [_thread_blocked, id=14255, stack(0x00007f91ed0a0000,0x00007f91ed1a1000)]
  0x00007f92341e9800 JavaThread "hystrix-SearchPerson-4" daemon [_thread_blocked, id=14252, stack(0x00007f91ed1a1000,0x00007f91ed2a2000)]
  0x00007f92341e8000 JavaThread "HystrixTimer-4" daemon [_thread_blocked, id=14251, stack(0x00007f91ed2a2000,0x00007f91ed3a3000)]
  0x00007f92341e6000 JavaThread "hystrix-SearchPerson-3" daemon [_thread_blocked, id=14244, stack(0x00007f91ed3a3000,0x00007f91ed4a4000)]
  0x00007f92341e4800 JavaThread "HystrixTimer-3" daemon [_thread_blocked, id=14243, stack(0x00007f91ed4a4000,0x00007f91ed5a5000)]
  0x00007f923419b800 JavaThread "Hashed wheel timer #3" [_thread_blocked, id=14202, stack(0x00007f91ed6a6000,0x00007f91ed7a7000)]
  0x00007f91d0001000 JavaThread "Hashed wheel timer #4" [_thread_blocked, id=14201, stack(0x00007f91ed7a7000,0x00007f91ed8a8000)]
  0x00007f9234199800 JavaThread "New I/O boss #18" [_thread_blocked, id=14197, stack(0x00007f91ed8a8000,0x00007f91ed9a9000)]
  0x00007f9234197800 JavaThread "New I/O worker #17" [_thread_blocked, id=14196, stack(0x00007f91ed9a9000,0x00007f91edaaa000)]
  0x00007f9234195800 JavaThread "New I/O worker #16" [_thread_blocked, id=14195, stack(0x00007f91edaaa000,0x00007f91edbab000)]
  0x00007f9234632000 JavaThread "New I/O worker #15" [_thread_blocked, id=14194, stack(0x00007f91edbab000,0x00007f91edcac000)]
  0x00007f9234630800 JavaThread "New I/O worker #14" [_thread_blocked, id=14193, stack(0x00007f91edcac000,0x00007f91eddad000)]
  0x00007f9234626800 JavaThread "New I/O worker #13" [_thread_blocked, id=14192, stack(0x00007f91eddad000,0x00007f91edeae000)]
  0x00007f9234635800 JavaThread "New I/O worker #12" [_thread_blocked, id=14191, stack(0x00007f91edeae000,0x00007f91edfaf000)]
  0x00007f9234635000 JavaThread "New I/O worker #11" [_thread_blocked, id=14190, stack(0x00007f91edfaf000,0x00007f91ee0b0000)]
  0x00007f9234957800 JavaThread "New I/O worker #10" [_thread_blocked, id=14189, stack(0x00007f91ee0b0000,0x00007f91ee1b1000)]
  0x00007f923497e000 JavaThread "hystrix-SearchPerson-2" daemon [_thread_blocked, id=14186, stack(0x00007f91ee1b1000,0x00007f91ee2b2000)]
  0x00007f923497d000 JavaThread "HystrixTimer-2" daemon [_thread_blocked, id=14185, stack(0x00007f91ee2b2000,0x00007f91ee3b3000)]
  0x00007f9234979800 JavaThread "RxComputationThreadPool-2" daemon [_thread_blocked, id=14176, stack(0x00007f91ee3b3000,0x00007f91ee4b4000)]
  0x00007f9234978000 JavaThread "RxComputationThreadPool-1" daemon [_thread_blocked, id=14175, stack(0x00007f91ee4b4000,0x00007f91ee5b5000)]
  0x00007f9234976000 JavaThread "RxCachedWorkerPoolEvictor-1" daemon [_thread_blocked, id=14174, stack(0x00007f91ee5b5000,0x00007f91ee6b6000)]
  0x00007f923460f800 JavaThread "hystrix-SearchPerson-1" daemon [_thread_blocked, id=14171, stack(0x00007f91ee8b6000,0x00007f91ee9b7000)]
  0x00007f923460d000 JavaThread "HystrixTimer-1" daemon [_thread_blocked, id=14170, stack(0x00007f91ee9b7000,0x00007f91eeab8000)]
  0x00007f92348b8000 JavaThread "pollingConfigurationSource" daemon [_thread_blocked, id=14154, stack(0x00007f91eeab8000,0x00007f91eebb9000)]
  0x00007f9234868000 JavaThread "Hashed wheel timer #1" [_thread_blocked, id=14120, stack(0x00007f91eeeba000,0x00007f91eefbb000)]
  0x00007f91c8001000 JavaThread "Hashed wheel timer #2" [_thread_blocked, id=14119, stack(0x00007f91eefbb000,0x00007f91ef0bc000)]
  0x00007f92347d2800 JavaThread "New I/O boss #9" [_thread_blocked, id=14118, stack(0x00007f91ef2c5000,0x00007f91ef3c6000)]
  0x00007f92347c0000 JavaThread "New I/O worker #8" [_thread_blocked, id=14117, stack(0x00007f91ef3c6000,0x00007f91ef4c7000)]
  0x00007f92347a1000 JavaThread "New I/O worker #7" [_thread_blocked, id=14116, stack(0x00007f91ef4c7000,0x00007f91ef5c8000)]
  0x00007f9234782800 JavaThread "New I/O worker #6" [_thread_blocked, id=14115, stack(0x00007f91ef5c8000,0x00007f91ef6c9000)]
  0x00007f9234763800 JavaThread "New I/O worker #5" [_thread_blocked, id=14114, stack(0x00007f91ef6c9000,0x00007f91ef7ca000)]
  0x00007f9234745800 JavaThread "New I/O worker #4" [_thread_blocked, id=14113, stack(0x00007f91ef7ca000,0x00007f91ef8cb000)]
  0x00007f92346d9800 JavaThread "New I/O worker #3" [_thread_blocked, id=14112, stack(0x00007f91ef8cb000,0x00007f91ef9cc000)]
  0x00007f92346d8800 JavaThread "New I/O worker #2" [_thread_blocked, id=14111, stack(0x00007f91ef9cc000,0x00007f91efacd000)]
  0x00007f92346dc800 JavaThread "New I/O worker #1" [_thread_blocked, id=14110, stack(0x00007f91efacd000,0x00007f91efbce000)]
  0x00007f9234192800 JavaThread "Service Thread" daemon [_thread_blocked, id=14108, stack(0x00007f922412a000,0x00007f922422b000)]
  0x00007f9234185000 JavaThread "C1 CompilerThread2" daemon [_thread_blocked, id=14107, stack(0x00007f922422b000,0x00007f922432c000)]
  0x00007f9234183800 JavaThread "C2 CompilerThread1" daemon [_thread_blocked, id=14106, stack(0x00007f922432c000,0x00007f922442d000)]
  0x00007f9234180800 JavaThread "C2 CompilerThread0" daemon [_thread_blocked, id=14105, stack(0x00007f922442d000,0x00007f922452e000)]
  0x00007f923417f000 JavaThread "Signal Dispatcher" daemon [_thread_blocked, id=14104, stack(0x00007f922452e000,0x00007f922462f000)]
  0x00007f923414b000 JavaThread "Finalizer" daemon [_thread_blocked, id=14103, stack(0x00007f92248f9000,0x00007f92249fa000)]
  0x00007f9234146800 JavaThread "Reference Handler" daemon [_thread_blocked, id=14102, stack(0x00007f92249fa000,0x00007f9224afb000)]
  0x00007f923400a000 JavaThread "main" [_thread_blocked, id=14094, stack(0x00007f923d631000,0x00007f923d732000)]

Other Threads:
=>0x00007f923413f000 VMThread [stack: 0x00007f9224afb000,0x00007f9224bfc000] [id=14101]
  0x00007f923419d800 WatcherThread [stack: 0x00007f9224029000,0x00007f922412a000] [id=14109]

VM state:at safepoint (normal execution)

VM Mutex/Monitor currently owned by a thread:  ([mutex/lock_event])
[0x00007f92340060d0] Threads_lock - owner thread: 0x00007f923413f000
[0x00007f92340065d0] Heap_lock - owner thread: 0x00007f923400a000

Heap:
 PSYoungGen      total 68608K, used 5104K [0x00000000d6b80000, 0x00000000db380000, 0x0000000100000000)
  eden space 63488K, 0% used [0x00000000d6b80000,0x00000000d6b80000,0x00000000da980000)
  from space 5120K, 99% used [0x00000000da980000,0x00000000dae7c010,0x00000000dae80000)
  to   space 5120K, 0% used [0x00000000dae80000,0x00000000dae80000,0x00000000db380000)
 ParOldGen       total 84992K, used 8111K [0x0000000084200000, 0x0000000089500000, 0x00000000d6b80000)
  object space 84992K, 9% used [0x0000000084200000,0x00000000849ebd40,0x0000000089500000)
 Metaspace       used 17763K, capacity 18004K, committed 18304K, reserved 1064960K
  class space    used 2246K, capacity 2321K, committed 2432K, reserved 1048576K

Card table byte_map: [0x00007f923a01a000,0x00007f923a3fa000] byte_map_base: 0x00007f9239bf9000

Marking Bits: (ParMarkBitMap*) 0x00007f923cb0f260
 Begin Bits: [0x00007f9214210000, 0x00007f9216108000)
 End Bits:   [0x00007f9216108000, 0x00007f9218000000)

Polling page: 0x00007f923d756000

CodeCache: size=245760Kb used=4947Kb max_used=4947Kb free=240812Kb
 bounds [0x00007f9225000000, 0x00007f92254e0000, 0x00007f9234000000]
 total_blobs=2018 nmethods=1621 adapters=310
 compilation: enabled

Compilation events (10 events):
Event: 177,210 Thread 0x00007f9234185000 1797       3       sun.util.locale.LocaleUtils::isUpper (18 bytes)
Event: 177,212 Thread 0x00007f9234185000 nmethod 1797 0x00007f92254d8e10 code [0x00007f92254d8f80, 0x00007f92254d9150]
Event: 177,266 Thread 0x00007f9234185000 1799       3       java.util.StringTokenizer::skipDelimiters (116 bytes)
Event: 177,270 Thread 0x00007f9234185000 nmethod 1799 0x00007f92254d77d0 code [0x00007f92254d79e0, 0x00007f92254d8598]
Event: 177,270 Thread 0x00007f9234185000 1800       3       java.util.StringTokenizer::hasMoreTokens (29 bytes)
Event: 177,270 Thread 0x00007f9234185000 nmethod 1800 0x00007f92254d6c10 code [0x00007f92254d6d80, 0x00007f92254d6f88]
Event: 177,270 Thread 0x00007f9234185000 1801       3       java.util.StringTokenizer::nextToken (92 bytes)
Event: 177,270 Thread 0x00007f9234185000 nmethod 1801 0x00007f92254d6490 code [0x00007f92254d6640, 0x00007f92254d6a78]
Event: 177,302 Thread 0x00007f9234185000 1802       3       java.io.DataInputStream::readInt (72 bytes)
Event: 177,305 Thread 0x00007f9234185000 nmethod 1802 0x00007f92254d5b50 code [0x00007f92254d5d00, 0x00007f92254d6268]

GC Heap History (5 events):
Event: 2,527 GC heap before
{Heap before GC invocations=1 (full 0):
 PSYoungGen      total 36864K, used 31744K [0x00000000d6b80000, 0x00000000d9480000, 0x0000000100000000)
  eden space 31744K, 100% used [0x00000000d6b80000,0x00000000d8a80000,0x00000000d8a80000)
  from space 5120K, 0% used [0x00000000d8f80000,0x00000000d8f80000,0x00000000d9480000)
  to   space 5120K, 0% used [0x00000000d8a80000,0x00000000d8a80000,0x00000000d8f80000)
 ParOldGen       total 84992K, used 0K [0x0000000084200000, 0x0000000089500000, 0x00000000d6b80000)
  object space 84992K, 0% used [0x0000000084200000,0x0000000084200000,0x0000000089500000)
 Metaspace       used 8204K, capacity 8310K, committed 8576K, reserved 1056768K
  class space    used 1047K, capacity 1105K, committed 1152K, reserved 1048576K
Event: 2,587 GC heap after
Heap after GC invocations=1 (full 0):
 PSYoungGen      total 36864K, used 4438K [0x00000000d6b80000, 0x00000000db380000, 0x0000000100000000)
  eden space 31744K, 0% used [0x00000000d6b80000,0x00000000d6b80000,0x00000000d8a80000)
  from space 5120K, 86% used [0x00000000d8a80000,0x00000000d8ed5bb8,0x00000000d8f80000)
  to   space 5120K, 0% used [0x00000000dae80000,0x00000000dae80000,0x00000000db380000)
 ParOldGen       total 84992K, used 8K [0x0000000084200000, 0x0000000089500000, 0x00000000d6b80000)
  object space 84992K, 0% used [0x0000000084200000,0x0000000084202000,0x0000000089500000)
 Metaspace       used 8204K, capacity 8310K, committed 8576K, reserved 1056768K
  class space    used 1047K, capacity 1105K, committed 1152K, reserved 1048576K
}
Event: 5,827 GC heap before
{Heap before GC invocations=2 (full 0):
 PSYoungGen      total 36864K, used 36182K [0x00000000d6b80000, 0x00000000db380000, 0x0000000100000000)
  eden space 31744K, 100% used [0x00000000d6b80000,0x00000000d8a80000,0x00000000d8a80000)
  from space 5120K, 86% used [0x00000000d8a80000,0x00000000d8ed5bb8,0x00000000d8f80000)
  to   space 5120K, 0% used [0x00000000dae80000,0x00000000dae80000,0x00000000db380000)
 ParOldGen       total 84992K, used 8K [0x0000000084200000, 0x0000000089500000, 0x00000000d6b80000)
  object space 84992K, 0% used [0x0000000084200000,0x0000000084202000,0x0000000089500000)
 Metaspace       used 11367K, capacity 11414K, committed 11520K, reserved 1058816K
  class space    used 1494K, capacity 1521K, committed 1536K, reserved 1048576K
Event: 5,878 GC heap after
Heap after GC invocations=2 (full 0):
 PSYoungGen      total 68608K, used 5096K [0x00000000d6b80000, 0x00000000db380000, 0x0000000100000000)
  eden space 63488K, 0% used [0x00000000d6b80000,0x00000000d6b80000,0x00000000da980000)
  from space 5120K, 99% used [0x00000000dae80000,0x00000000db37a190,0x00000000db380000)
  to   space 5120K, 0% used [0x00000000da980000,0x00000000da980000,0x00000000dae80000)
 ParOldGen       total 84992K, used 312K [0x0000000084200000, 0x0000000089500000, 0x00000000d6b80000)
  object space 84992K, 0% used [0x0000000084200000,0x000000008424e0e8,0x0000000089500000)
 Metaspace       used 11367K, capacity 11414K, committed 11520K, reserved 1058816K
  class space    used 1494K, capacity 1521K, committed 1536K, reserved 1048576K
}
Event: 177,438 GC heap before
{Heap before GC invocations=3 (full 0):
 PSYoungGen      total 68608K, used 68584K [0x00000000d6b80000, 0x00000000db380000, 0x0000000100000000)
  eden space 63488K, 100% used [0x00000000d6b80000,0x00000000da980000,0x00000000da980000)
  from space 5120K, 99% used [0x00000000dae80000,0x00000000db37a190,0x00000000db380000)
  to   space 5120K, 0% used [0x00000000da980000,0x00000000da980000,0x00000000dae80000)
 ParOldGen       total 84992K, used 312K [0x0000000084200000, 0x0000000089500000, 0x00000000d6b80000)
  object space 84992K, 0% used [0x0000000084200000,0x000000008424e0e8,0x0000000089500000)
 Metaspace       used 17763K, capacity 18004K, committed 18304K, reserved 1064960K
  class space    used 2246K, capacity 2321K, committed 2432K, reserved 1048576K

Deoptimization events (10 events):
Event: 91,804 Thread 0x00007f923400a000 Uncommon trap: reason=unstable_if action=reinterpret pc=0x00007f92252129fc method=sun.misc.MetaIndex.mayContain(Ljava/lang/String;)Z @ 38
Event: 105,691 Thread 0x00007f923400a000 Uncommon trap: reason=unstable_if action=reinterpret pc=0x00007f9225178054 method=java.lang.String.startsWith(Ljava/lang/String;I)Z @ 25
Event: 105,828 Thread 0x00007f923400a000 Uncommon trap: reason=bimorphic action=maybe_recompile pc=0x00007f922539d574 method=java.util.HashMap.putVal(ILjava/lang/Object;Ljava/lang/Object;ZZ)Ljava/lang/Object; @ 203
Event: 105,830 Thread 0x00007f923400a000 Uncommon trap: reason=bimorphic action=maybe_recompile pc=0x00007f922539d574 method=java.util.HashMap.putVal(ILjava/lang/Object;Ljava/lang/Object;ZZ)Ljava/lang/Object; @ 203
Event: 105,830 Thread 0x00007f923400a000 Uncommon trap: reason=bimorphic action=maybe_recompile pc=0x00007f922539d574 method=java.util.HashMap.putVal(ILjava/lang/Object;Ljava/lang/Object;ZZ)Ljava/lang/Object; @ 203
Event: 105,835 Thread 0x00007f923400a000 Uncommon trap: reason=bimorphic action=maybe_recompile pc=0x00007f922539d574 method=java.util.HashMap.putVal(ILjava/lang/Object;Ljava/lang/Object;ZZ)Ljava/lang/Object; @ 203
Event: 106,152 Thread 0x00007f923400a000 Uncommon trap: reason=unstable_if action=reinterpret pc=0x00007f92252caf5c method=java.lang.CharacterData.of(I)Ljava/lang/CharacterData; @ 4
Event: 107,797 Thread 0x00007f923400a000 Uncommon trap: reason=unstable_if action=reinterpret pc=0x00007f9225430710 method=java.io.ByteArrayInputStream.read()I @ 8
Event: 141,511 Thread 0x00007f923400a000 Uncommon trap: reason=unstable_if action=reinterpret pc=0x00007f92253d28fc method=java.util.ArrayList.clear()V @ 17
Event: 141,584 Thread 0x00007f923400a000 Uncommon trap: reason=unstable_if action=reinterpret pc=0x00007f922545f360 method=java.io.ByteArrayInputStream.read([BII)I @ 63

Internal exceptions (10 events):
Event: 2,253 Thread 0x00007f923400a000 Exception <a 'java/lang/ArrayIndexOutOfBoundsException'> (0x00000000d8597f50) thrown at [/HUDSON3/workspace/8-2-build-linux-amd64/jdk8u74/6087/hotspot/src/share/vm/runtime/sharedRuntime.cpp, line 605]
Event: 2,274 Thread 0x00007f923400a000 Exception <a 'java/lang/ArrayIndexOutOfBoundsException'> (0x00000000d85be220) thrown at [/HUDSON3/workspace/8-2-build-linux-amd64/jdk8u74/6087/hotspot/src/share/vm/runtime/sharedRuntime.cpp, line 605]
Event: 2,288 Thread 0x00007f923400a000 Exception <a 'java/lang/ArrayIndexOutOfBoundsException'> (0x00000000d85ccd78) thrown at [/HUDSON3/workspace/8-2-build-linux-amd64/jdk8u74/6087/hotspot/src/share/vm/runtime/sharedRuntime.cpp, line 605]
Event: 4,151 Thread 0x00007f923400a000 Implicit null exception at 0x00007f92251db835 to 0x00007f92251dbb85
Event: 6,251 Thread 0x00007f923400a000 Exception <a 'java/lang/NoSuchFieldError': method resolution failed> (0x00000000d6c5dfd8) thrown at [/HUDSON3/workspace/8-2-build-linux-amd64/jdk8u74/6087/hotspot/src/share/vm/prims/methodHandles.cpp, line 1146]
Event: 6,254 Thread 0x00007f923400a000 Exception <a 'java/lang/NoSuchFieldError': method resolution failed> (0x00000000d6c6b6c8) thrown at [/HUDSON3/workspace/8-2-build-linux-amd64/jdk8u74/6087/hotspot/src/share/vm/prims/methodHandles.cpp, line 1146]
Event: 11,517 Thread 0x00007f923400a000 Exception <a 'java/lang/reflect/InvocationTargetException'> (0x00000000d72ac168) thrown at [/HUDSON3/workspace/8-2-build-linux-amd64/jdk8u74/6087/hotspot/src/share/vm/runtime/reflection.cpp, line 1092]
Event: 11,619 Thread 0x00007f923400a000 Implicit null exception at 0x00007f9225247475 to 0x00007f92252477d1
Event: 82,765 Thread 0x00007f923400a000 Exception <a 'java/lang/reflect/InvocationTargetException'> (0x00000000d84f87a8) thrown at [/HUDSON3/workspace/8-2-build-linux-amd64/jdk8u74/6087/hotspot/src/share/vm/runtime/reflection.cpp, line 1092]
Event: 141,608 Thread 0x00007f923400a000 Exception <a 'java/lang/reflect/InvocationTargetException'> (0x00000000d9ea0f70) thrown at [/HUDSON3/workspace/8-2-build-linux-amd64/jdk8u74/6087/hotspot/src/share/vm/runtime/reflection.cpp, line 1092]

Events (10 events):
Event: 177,411 loading class com/fasterxml/jackson/databind/BeanDescription done
Event: 177,412 loading class com/fasterxml/jackson/databind/introspect/BasicBeanDescription
Event: 177,412 loading class com/fasterxml/jackson/databind/introspect/BasicBeanDescription done
Event: 177,415 loading class com/fasterxml/jackson/databind/cfg/MapperConfig
Event: 177,415 loading class com/fasterxml/jackson/databind/cfg/MapperConfig done
Event: 177,417 loading class com/fasterxml/jackson/databind/SerializationConfig
Event: 177,417 loading class com/fasterxml/jackson/databind/SerializationConfig done
Event: 177,419 loading class com/fasterxml/jackson/databind/cfg/MapperConfigBase
Event: 177,419 loading class com/fasterxml/jackson/databind/cfg/MapperConfigBase done
Event: 177,427 Executing VM operation: ParallelGCFailedAllocation


Dynamic libraries:
00400000-00401000 r-xp 00000000 08:05 920606                             /usr/lib/jvm/java-8-oracle/jre/bin/java
00600000-00601000 rw-p 00000000 08:05 920606                             /usr/lib/jvm/java-8-oracle/jre/bin/java
01f2a000-01f4b000 rw-p 00000000 00:00 0                                  [heap]
84200000-89500000 rw-p 00000000 00:00 0 
89500000-d6b80000 ---p 00000000 00:00 0 
d6b80000-db380000 rw-p 00000000 00:00 0 
df180000-100000000 ---p 00000000 00:00 0 
100000000-100260000 rw-p 00000000 00:00 0 
100260000-140000000 ---p 00000000 00:00 0 
7f91a0c78000-7f91a0df8000 rw-p 00000000 00:00 0 
7f91a0df8000-7f91a0e7b000 ---p 00000000 00:00 0 
7f91a0e7b000-7f91a0f79000 rw-p 00000000 00:00 0 
7f91a0f79000-7f91a0f7c000 ---p 00000000 00:00 0 
7f91a0f7c000-7f91a107a000 rw-p 00000000 00:00 0                          [stack:14617]
7f91a107a000-7f91a107d000 ---p 00000000 00:00 0 
7f91a107d000-7f91a117b000 rw-p 00000000 00:00 0                          [stack:14616]
7f91a117b000-7f91a117e000 ---p 00000000 00:00 0 
7f91a117e000-7f91a127c000 rw-p 00000000 00:00 0                          [stack:14612]
7f91a127c000-7f91a127f000 ---p 00000000 00:00 0 
7f91a127f000-7f91a137d000 rw-p 00000000 00:00 0                          [stack:14611]
7f91a137d000-7f91a1380000 ---p 00000000 00:00 0 
7f91a1380000-7f91a147e000 rw-p 00000000 00:00 0                          [stack:14610]
7f91a147e000-7f91a1481000 ---p 00000000 00:00 0 
7f91a1481000-7f91a157f000 rw-p 00000000 00:00 0                          [stack:14609]
7f91a157f000-7f91a1582000 ---p 00000000 00:00 0 
7f91a1582000-7f91a1680000 rw-p 00000000 00:00 0                          [stack:14608]
7f91a1680000-7f91a1683000 ---p 00000000 00:00 0 
7f91a1683000-7f91a1781000 rw-p 00000000 00:00 0                          [stack:14607]
7f91a1781000-7f91a1797000 r-xp 00000000 08:05 3805163                    /lib/x86_64-linux-gnu/libgcc_s.so.1
7f91a1797000-7f91a1996000 ---p 00016000 08:05 3805163                    /lib/x86_64-linux-gnu/libgcc_s.so.1
7f91a1996000-7f91a1997000 rw-p 00015000 08:05 3805163                    /lib/x86_64-linux-gnu/libgcc_s.so.1
7f91a1997000-7f91a19c9000 r-xp 00000000 08:05 1057505                    /usr/lib/jvm/java-8-oracle/jre/lib/amd64/libsunec.so
7f91a19c9000-7f91a1bc8000 ---p 00032000 08:05 1057505                    /usr/lib/jvm/java-8-oracle/jre/lib/amd64/libsunec.so
7f91a1bc8000-7f91a1bce000 rw-p 00031000 08:05 1057505                    /usr/lib/jvm/java-8-oracle/jre/lib/amd64/libsunec.so
7f91a1bce000-7f91a1dde000 rw-p 00000000 00:00 0 
7f91a1dde000-7f91a1de1000 ---p 00000000 00:00 0 
7f91a1de1000-7f91a1edf000 rw-p 00000000 00:00 0                          [stack:14604]
7f91a1edf000-7f91a1ee2000 ---p 00000000 00:00 0 
7f91a1ee2000-7f91a1fe0000 rw-p 00000000 00:00 0                          [stack:14519]
7f91a1fe0000-7f91a1fe3000 ---p 00000000 00:00 0 
7f91a1fe3000-7f91a20e1000 rw-p 00000000 00:00 0                          [stack:14517]
7f91a20e1000-7f91a20e4000 ---p 00000000 00:00 0 
7f91a20e4000-7f91a21e2000 rw-p 00000000 00:00 0                          [stack:14515]
7f91a21e2000-7f91a21e5000 ---p 00000000 00:00 0 
7f91a21e5000-7f91a22e3000 rw-p 00000000 00:00 0                          [stack:14514]
7f91a22e3000-7f91a22e6000 ---p 00000000 00:00 0 
7f91a22e6000-7f91a23e4000 rw-p 00000000 00:00 0                          [stack:14513]
7f91a23e4000-7f91a23e7000 ---p 00000000 00:00 0 
7f91a23e7000-7f91a24e5000 rw-p 00000000 00:00 0                          [stack:14512]
7f91a24e5000-7f91a24e8000 ---p 00000000 00:00 0 
7f91a24e8000-7f91a25e6000 rw-p 00000000 00:00 0                          [stack:14511]
7f91a25e6000-7f91a25e9000 ---p 00000000 00:00 0 
7f91a25e9000-7f91a26e7000 rw-p 00000000 00:00 0                          [stack:14509]
7f91a26e7000-7f91a26ea000 ---p 00000000 00:00 0 
7f91a26ea000-7f91a27e8000 rw-p 00000000 00:00 0                          [stack:14508]
7f91a27e8000-7f91a27eb000 ---p 00000000 00:00 0 
7f91a27eb000-7f91a28e9000 rw-p 00000000 00:00 0                          [stack:14507]
7f91a28e9000-7f91a28ec000 ---p 00000000 00:00 0 
7f91a28ec000-7f91a29ea000 rw-p 00000000 00:00 0                          [stack:14506]
7f91a29ea000-7f91a29ed000 ---p 00000000 00:00 0 
7f91a29ed000-7f91a2aeb000 rw-p 00000000 00:00 0                          [stack:14503]
7f91a2aeb000-7f91a2aee000 ---p 00000000 00:00 0 
7f91a2aee000-7f91a2bec000 rw-p 00000000 00:00 0                          [stack:14605]
7f91a2bec000-7f91a2bef000 ---p 00000000 00:00 0 
7f91a2bef000-7f91a2ced000 rw-p 00000000 00:00 0                          [stack:14446]
7f91a2ced000-7f91a2cf0000 ---p 00000000 00:00 0 
7f91a2cf0000-7f91a2dee000 rw-p 00000000 00:00 0                          [stack:14443]
7f91a2dee000-7f91a2df1000 ---p 00000000 00:00 0 
7f91a2df1000-7f91a2eef000 rw-p 00000000 00:00 0                          [stack:14441]
7f91a2eef000-7f91a2ef2000 ---p 00000000 00:00 0 
7f91a2ef2000-7f91a2ff0000 rw-p 00000000 00:00 0                          [stack:14439]
7f91a2ff0000-7f91a2ff3000 ---p 00000000 00:00 0 
7f91a2ff3000-7f91a30f1000 rw-p 00000000 00:00 0                          [stack:14438]
7f91a30f1000-7f91a30f4000 ---p 00000000 00:00 0 
7f91a30f4000-7f91a31f2000 rw-p 00000000 00:00 0                          [stack:14437]
7f91a31f2000-7f91a31f5000 ---p 00000000 00:00 0 
7f91a31f5000-7f91a32f3000 rw-p 00000000 00:00 0                          [stack:14436]
7f91a32f3000-7f91a32f6000 ---p 00000000 00:00 0 
7f91a32f6000-7f91a33f4000 rw-p 00000000 00:00 0                          [stack:14435]
7f91a33f4000-7f91a33f7000 ---p 00000000 00:00 0 
7f91a33f7000-7f91a34f5000 rw-p 00000000 00:00 0                          [stack:14434]
7f91a34f5000-7f91a34f8000 ---p 00000000 00:00 0 
7f91a34f8000-7f91a35f6000 rw-p 00000000 00:00 0                          [stack:14433]
7f91a35f6000-7f91a35f9000 ---p 00000000 00:00 0 
7f91a35f9000-7f91a36f7000 rw-p 00000000 00:00 0                          [stack:14432]
7f91a36f7000-7f91a36fa000 ---p 00000000 00:00 0 
7f91a36fa000-7f91a37f8000 rw-p 00000000 00:00 0                          [stack:14428]
7f91a37f8000-7f91a37fb000 ---p 00000000 00:00 0 
7f91a37fb000-7f91a38f9000 rw-p 00000000 00:00 0                          [stack:14606]
7f91a38f9000-7f91a38fc000 ---p 00000000 00:00 0 
7f91a38fc000-7f91a39fa000 rw-p 00000000 00:00 0                          [stack:14371]
7f91a39fa000-7f91a39fd000 ---p 00000000 00:00 0 
7f91a39fd000-7f91a3afb000 rw-p 00000000 00:00 0                          [stack:14369]
7f91a3afb000-7f91a3afe000 ---p 00000000 00:00 0 
7f91a3afe000-7f91a3bfc000 rw-p 00000000 00:00 0                          [stack:14366]
7f91a3bfc000-7f91a3bff000 ---p 00000000 00:00 0 
7f91a3bff000-7f91a3cfd000 rw-p 00000000 00:00 0                          [stack:14365]
7f91a3cfd000-7f91a3d00000 ---p 00000000 00:00 0 
7f91a3d00000-7f91a3dfe000 rw-p 00000000 00:00 0                          [stack:14364]
7f91a3dfe000-7f91a3e01000 ---p 00000000 00:00 0 
7f91a3e01000-7f91a3eff000 rw-p 00000000 00:00 0                          [stack:14363]
7f91a3eff000-7f91a3f02000 ---p 00000000 00:00 0 
7f91a3f02000-7f91a4000000 rw-p 00000000 00:00 0                          [stack:14362]
7f91a4000000-7f91a4021000 rw-p 00000000 00:00 0 
7f91a4021000-7f91a8000000 ---p 00000000 00:00 0 
7f91a8000000-7f91a8021000 rw-p 00000000 00:00 0 
7f91a8021000-7f91ac000000 ---p 00000000 00:00 0 
7f91ac000000-7f91ac021000 rw-p 00000000 00:00 0 
7f91ac021000-7f91b0000000 ---p 00000000 00:00 0 
7f91b0000000-7f91b0021000 rw-p 00000000 00:00 0 
7f91b0021000-7f91b4000000 ---p 00000000 00:00 0 
7f91b4000000-7f91b4021000 rw-p 00000000 00:00 0 
7f91b4021000-7f91b8000000 ---p 00000000 00:00 0 
7f91b8000000-7f91b8021000 rw-p 00000000 00:00 0 
7f91b8021000-7f91bc000000 ---p 00000000 00:00 0 
7f91bc000000-7f91bc292000 rw-p 00000000 00:00 0 
7f91bc292000-7f91c0000000 ---p 00000000 00:00 0 
7f91c0000000-7f91c0021000 rw-p 00000000 00:00 0 
7f91c0021000-7f91c4000000 ---p 00000000 00:00 0 
7f91c4000000-7f91c4021000 rw-p 00000000 00:00 0 
7f91c4021000-7f91c8000000 ---p 00000000 00:00 0 
7f91c8000000-7f91c8021000 rw-p 00000000 00:00 0 
7f91c8021000-7f91cc000000 ---p 00000000 00:00 0 
7f91cc000000-7f91cc021000 rw-p 00000000 00:00 0 
7f91cc021000-7f91d0000000 ---p 00000000 00:00 0 
7f91d0000000-7f91d0021000 rw-p 00000000 00:00 0 
7f91d0021000-7f91d4000000 ---p 00000000 00:00 0 
7f91d4000000-7f91d4021000 rw-p 00000000 00:00 0 
7f91d4021000-7f91d8000000 ---p 00000000 00:00 0 
7f91d8000000-7f91d8021000 rw-p 00000000 00:00 0 
7f91d8021000-7f91dc000000 ---p 00000000 00:00 0 
7f91dc000000-7f91dc021000 rw-p 00000000 00:00 0 
7f91dc021000-7f91e0000000 ---p 00000000 00:00 0 
7f91e0000000-7f91e0021000 rw-p 00000000 00:00 0 
7f91e0021000-7f91e4000000 ---p 00000000 00:00 0 
7f91e4000000-7f91e4021000 rw-p 00000000 00:00 0 
7f91e4021000-7f91e8000000 ---p 00000000 00:00 0 
7f91e8000000-7f91e8021000 rw-p 00000000 00:00 0 
7f91e8021000-7f91ec000000 ---p 00000000 00:00 0 
7f91ec087000-7f91ec088000 rw-p 00000000 00:00 0 
7f91ec088000-7f91ec089000 r--s 00009000 08:05 1058715                    /usr/lib/jvm/java-8-oracle/jre/lib/ext/sunec.jar
7f91ec089000-7f91ec08c000 r--s 0001a000 08:05 1058953                    /usr/lib/jvm/java-8-oracle/jre/lib/jce.jar
7f91ec08c000-7f91ec090000 r--s 00097000 08:05 1057652                    /usr/lib/jvm/java-8-oracle/jre/lib/jsse.jar
7f91ec090000-7f91ec093000 ---p 00000000 00:00 0 
7f91ec093000-7f91ec191000 rw-p 00000000 00:00 0                          [stack:14361]
7f91ec191000-7f91ec194000 ---p 00000000 00:00 0 
7f91ec194000-7f91ec292000 rw-p 00000000 00:00 0                          [stack:14360]
7f91ec292000-7f91ec295000 ---p 00000000 00:00 0 
7f91ec295000-7f91ec393000 rw-p 00000000 00:00 0                          [stack:14359]
7f91ec393000-7f91ec396000 ---p 00000000 00:00 0 
7f91ec396000-7f91ec494000 rw-p 00000000 00:00 0                          [stack:14358]
7f91ec494000-7f91ec497000 ---p 00000000 00:00 0 
7f91ec497000-7f91ec595000 rw-p 00000000 00:00 0                          [stack:14350]
7f91ec595000-7f91ec598000 ---p 00000000 00:00 0 
7f91ec598000-7f91ec696000 rw-p 00000000 00:00 0                          [stack:14332]
7f91ec696000-7f91ec699000 ---p 00000000 00:00 0 
7f91ec699000-7f91ec797000 rw-p 00000000 00:00 0                          [stack:14268]
7f91ec797000-7f91ec79a000 ---p 00000000 00:00 0 
7f91ec79a000-7f91ec898000 rw-p 00000000 00:00 0                          [stack:14264]
7f91ec898000-7f91ec89b000 ---p 00000000 00:00 0 
7f91ec89b000-7f91ec999000 rw-p 00000000 00:00 0                          [stack:14263]
7f91ec999000-7f91ec99c000 ---p 00000000 00:00 0 
7f91ec99c000-7f91eca9a000 rw-p 00000000 00:00 0                          [stack:14262]
7f91eca9a000-7f91eca9d000 ---p 00000000 00:00 0 
7f91eca9d000-7f91ecb9b000 rw-p 00000000 00:00 0                          [stack:14261]
7f91ecb9b000-7f91ecb9e000 ---p 00000000 00:00 0 
7f91ecb9e000-7f91ecc9c000 rw-p 00000000 00:00 0                          [stack:14260]
7f91ecc9c000-7f91ecc9f000 ---p 00000000 00:00 0 
7f91ecc9f000-7f91ecd9d000 rw-p 00000000 00:00 0                          [stack:14259]
7f91ecd9d000-7f91ecda0000 ---p 00000000 00:00 0 
7f91ecda0000-7f91ece9e000 rw-p 00000000 00:00 0                          [stack:14258]
7f91ece9e000-7f91ecea1000 ---p 00000000 00:00 0 
7f91ecea1000-7f91ecf9f000 rw-p 00000000 00:00 0                          [stack:14257]
7f91ecf9f000-7f91ecfa2000 ---p 00000000 00:00 0 
7f91ecfa2000-7f91ed0a0000 rw-p 00000000 00:00 0                          [stack:14256]
7f91ed0a0000-7f91ed0a3000 ---p 00000000 00:00 0 
7f91ed0a3000-7f91ed1a1000 rw-p 00000000 00:00 0                          [stack:14255]
7f91ed1a1000-7f91ed1a4000 ---p 00000000 00:00 0 
7f91ed1a4000-7f91ed2a2000 rw-p 00000000 00:00 0                          [stack:14252]
7f91ed2a2000-7f91ed2a5000 ---p 00000000 00:00 0 
7f91ed2a5000-7f91ed3a3000 rw-p 00000000 00:00 0                          [stack:14251]
7f91ed3a3000-7f91ed3a6000 ---p 00000000 00:00 0 
7f91ed3a6000-7f91ed4a4000 rw-p 00000000 00:00 0                          [stack:14244]
7f91ed4a4000-7f91ed4a7000 ---p 00000000 00:00 0 
7f91ed4a7000-7f91ed5a5000 rw-p 00000000 00:00 0                          [stack:14243]
7f91ed5a5000-7f91ed5a8000 ---p 00000000 00:00 0 
7f91ed5a8000-7f91ed6a6000 rw-p 00000000 00:00 0                          [stack:14314]
7f91ed6a6000-7f91ed6a9000 ---p 00000000 00:00 0 
7f91ed6a9000-7f91ed7a7000 rw-p 00000000 00:00 0                          [stack:14202]
7f91ed7a7000-7f91ed7aa000 ---p 00000000 00:00 0 
7f91ed7aa000-7f91ed8a8000 rw-p 00000000 00:00 0                          [stack:14201]
7f91ed8a8000-7f91ed8ab000 ---p 00000000 00:00 0 
7f91ed8ab000-7f91ed9a9000 rw-p 00000000 00:00 0                          [stack:14197]
7f91ed9a9000-7f91ed9ac000 ---p 00000000 00:00 0 
7f91ed9ac000-7f91edaaa000 rw-p 00000000 00:00 0                          [stack:14196]
7f91edaaa000-7f91edaad000 ---p 00000000 00:00 0 
7f91edaad000-7f91edbab000 rw-p 00000000 00:00 0                          [stack:14195]
7f91edbab000-7f91edbae000 ---p 00000000 00:00 0 
7f91edbae000-7f91edcac000 rw-p 00000000 00:00 0                          [stack:14194]
7f91edcac000-7f91edcaf000 ---p 00000000 00:00 0 
7f91edcaf000-7f91eddad000 rw-p 00000000 00:00 0                          [stack:14193]
7f91eddad000-7f91eddb0000 ---p 00000000 00:00 0 
7f91eddb0000-7f91edeae000 rw-p 00000000 00:00 0                          [stack:14192]
7f91edeae000-7f91edeb1000 ---p 00000000 00:00 0 
7f91edeb1000-7f91edfaf000 rw-p 00000000 00:00 0                          [stack:14191]
7f91edfaf000-7f91edfb2000 ---p 00000000 00:00 0 
7f91edfb2000-7f91ee0b0000 rw-p 00000000 00:00 0                          [stack:14190]
7f91ee0b0000-7f91ee0b3000 ---p 00000000 00:00 0 
7f91ee0b3000-7f91ee1b1000 rw-p 00000000 00:00 0                          [stack:14189]
7f91ee1b1000-7f91ee1b4000 ---p 00000000 00:00 0 
7f91ee1b4000-7f91ee2b2000 rw-p 00000000 00:00 0                          [stack:14186]
7f91ee2b2000-7f91ee2b5000 ---p 00000000 00:00 0 
7f91ee2b5000-7f91ee3b3000 rw-p 00000000 00:00 0                          [stack:14185]
7f91ee3b3000-7f91ee3b6000 ---p 00000000 00:00 0 
7f91ee3b6000-7f91ee4b4000 rw-p 00000000 00:00 0                          [stack:14176]
7f91ee4b4000-7f91ee4b7000 ---p 00000000 00:00 0 
7f91ee4b7000-7f91ee5b5000 rw-p 00000000 00:00 0                          [stack:14175]
7f91ee5b5000-7f91ee5b8000 ---p 00000000 00:00 0 
7f91ee5b8000-7f91ee8b6000 rw-p 00000000 00:00 0                          [stack:14174]
7f91ee8b6000-7f91ee8b9000 ---p 00000000 00:00 0 
7f91ee8b9000-7f91ee9b7000 rw-p 00000000 00:00 0                          [stack:14171]
7f91ee9b7000-7f91ee9ba000 ---p 00000000 00:00 0 
7f91ee9ba000-7f91eeab8000 rw-p 00000000 00:00 0                          [stack:14170]
7f91eeab8000-7f91eeabb000 ---p 00000000 00:00 0 
7f91eeabb000-7f91eebb9000 rw-p 00000000 00:00 0                          [stack:14154]
7f91eebb9000-7f91eebbc000 ---p 00000000 00:00 0 
7f91eebbc000-7f91eeeba000 rw-p 00000000 00:00 0                          [stack:14354]
7f91eeeba000-7f91eeebd000 ---p 00000000 00:00 0 
7f91eeebd000-7f91eefbb000 rw-p 00000000 00:00 0                          [stack:14120]
7f91eefbb000-7f91eefbe000 ---p 00000000 00:00 0 
7f91eefbe000-7f91ef0bc000 rw-p 00000000 00:00 0                          [stack:14119]
7f91ef0bc000-7f91ef0c5000 r-xp 00000000 08:05 1057521                    /usr/lib/jvm/java-8-oracle/jre/lib/amd64/libmanagement.so
7f91ef0c5000-7f91ef2c4000 ---p 00009000 08:05 1057521                    /usr/lib/jvm/java-8-oracle/jre/lib/amd64/libmanagement.so
7f91ef2c4000-7f91ef2c5000 rw-p 00008000 08:05 1057521                    /usr/lib/jvm/java-8-oracle/jre/lib/amd64/libmanagement.so
7f91ef2c5000-7f91ef2c8000 ---p 00000000 00:00 0 
7f91ef2c8000-7f91ef3c6000 rw-p 00000000 00:00 0                          [stack:14118]
7f91ef3c6000-7f91ef3c9000 ---p 00000000 00:00 0 
7f91ef3c9000-7f91ef4c7000 rw-p 00000000 00:00 0                          [stack:14117]
7f91ef4c7000-7f91ef4ca000 ---p 00000000 00:00 0 
7f91ef4ca000-7f91ef5c8000 rw-p 00000000 00:00 0                          [stack:14116]
7f91ef5c8000-7f91ef5cb000 ---p 00000000 00:00 0 
7f91ef5cb000-7f91ef6c9000 rw-p 00000000 00:00 0                          [stack:14115]
7f91ef6c9000-7f91ef6cc000 ---p 00000000 00:00 0 
7f91ef6cc000-7f91ef7ca000 rw-p 00000000 00:00 0                          [stack:14114]
7f91ef7ca000-7f91ef7cd000 ---p 00000000 00:00 0 
7f91ef7cd000-7f91ef8cb000 rw-p 00000000 00:00 0                          [stack:14113]
7f91ef8cb000-7f91ef8ce000 ---p 00000000 00:00 0 
7f91ef8ce000-7f91ef9cc000 rw-p 00000000 00:00 0                          [stack:14112]
7f91ef9cc000-7f91ef9cf000 ---p 00000000 00:00 0 
7f91ef9cf000-7f91efacd000 rw-p 00000000 00:00 0                          [stack:14111]
7f91efacd000-7f91efad0000 ---p 00000000 00:00 0 
7f91efad0000-7f91efbce000 rw-p 00000000 00:00 0                          [stack:14110]
7f91efbce000-7f91efbdf000 r-xp 00000000 08:05 1057391                    /usr/lib/jvm/java-8-oracle/jre/lib/amd64/libnio.so
7f91efbdf000-7f91efdde000 ---p 00011000 08:05 1057391                    /usr/lib/jvm/java-8-oracle/jre/lib/amd64/libnio.so
7f91efdde000-7f91efddf000 rw-p 00010000 08:05 1057391                    /usr/lib/jvm/java-8-oracle/jre/lib/amd64/libnio.so
7f91efddf000-7f91efdf5000 r-xp 00000000 08:05 1057526                    /usr/lib/jvm/java-8-oracle/jre/lib/amd64/libnet.so
7f91efdf5000-7f91efff5000 ---p 00016000 08:05 1057526                    /usr/lib/jvm/java-8-oracle/jre/lib/amd64/libnet.so
7f91efff5000-7f91efff6000 rw-p 00016000 08:05 1057526                    /usr/lib/jvm/java-8-oracle/jre/lib/amd64/libnet.so
7f91efff6000-7f91efff8000 r--s 0000e000 08:06 3934179                    /home/egz/.m2/repository/org/apache/maven/surefire/surefire-junit4/2.15/surefire-junit4-2.15.jar
7f91efff8000-7f91f0000000 r--s 00045000 08:06 4327542                    /home/egz/.m2/repository/junit/junit/4.12/junit-4.12.jar
7f91f0000000-7f91f036e000 rw-p 00000000 00:00 0 
7f91f036e000-7f91f4000000 ---p 00000000 00:00 0 
7f91f4000000-7f91f4021000 rw-p 00000000 00:00 0 
7f91f4021000-7f91f8000000 ---p 00000000 00:00 0 
7f91f8000000-7f91f82a6000 rw-p 00000000 00:00 0 
7f91f82a6000-7f91fc000000 ---p 00000000 00:00 0 
7f91fc000000-7f91fc682000 rw-p 00000000 00:00 0 
7f91fc682000-7f9200000000 ---p 00000000 00:00 0 
7f9200000000-7f9200021000 rw-p 00000000 00:00 0 
7f9200021000-7f9204000000 ---p 00000000 00:00 0 
7f9204000000-7f9204021000 rw-p 00000000 00:00 0 
7f9204021000-7f9208000000 ---p 00000000 00:00 0 
7f9208000000-7f9208343000 rw-p 00000000 00:00 0 
7f9208343000-7f920c000000 ---p 00000000 00:00 0 
7f920c000000-7f920c021000 rw-p 00000000 00:00 0 
7f920c021000-7f9210000000 ---p 00000000 00:00 0 
7f9210000000-7f9210021000 rw-p 00000000 00:00 0 
7f9210021000-7f9214000000 ---p 00000000 00:00 0 
7f9214000000-7f9214002000 r--s 00009000 08:06 4065999                    /home/egz/.m2/repository/org/hamcrest/hamcrest-core/1.3/hamcrest-core-1.3.jar
7f9214002000-7f9214007000 r--s 00034000 08:06 4199333                    /home/egz/.m2/repository/com/google/code/gson/gson/2.6.1/gson-2.6.1.jar
7f9214007000-7f9214009000 r--s 00001000 08:06 4065109                    /home/egz/.m2/repository/org/slf4j/slf4j-log4j12/1.7.0/slf4j-log4j12-1.7.0.jar
7f9214009000-7f921400c000 r--s 0001a000 08:06 4198487                    /home/egz/.m2/repository/com/netflix/eureka/eureka-client/1.1.114/eureka-client-1.1.114.jar
7f921400c000-7f921400d000 r--s 00003000 08:06 4199209                    /home/egz/.m2/repository/com/sun/jersey/contribs/jersey-apache-client4/1.8/jersey-apache-client4-1.8.jar
7f921400d000-7f921400f000 r--s 00009000 08:06 4197105                    /home/egz/.m2/repository/com/netflix/blitz4j/blitz4j/1.18/blitz4j-1.18.jar
7f921400f000-7f92140ca000 r--s 006fb000 08:06 4327971                    /home/egz/.m2/repository/com/amazonaws/aws-java-sdk/1.3.27/aws-java-sdk-1.3.27.jar
7f92140ca000-7f92140cc000 r--s 00005000 08:06 4326567                    /home/egz/.m2/repository/xpp3/xpp3_min/1.1.4c/xpp3_min-1.1.4c.jar
7f92140cc000-7f92140cd000 r--s 00001000 08:06 4326556                    /home/egz/.m2/repository/xmlpull/xmlpull/1.1.3.1/xmlpull-1.1.3.1.jar
7f92140cd000-7f92140d9000 r--s 0006a000 08:06 4325523                    /home/egz/.m2/repository/com/thoughtworks/xstream/xstream/1.4.2/xstream-1.4.2.jar
7f92140d9000-7f92140db000 r--s 0000d000 08:06 4327434                    /home/egz/.m2/repository/commons-codec/commons-codec/1.4/commons-codec-1.4.jar
7f92140db000-7f92140e0000 r--s 00028000 08:06 3936698                    /home/egz/.m2/repository/org/apache/httpcomponents/httpcore/4.1.2/httpcore-4.1.2.jar
7f92140e0000-7f92140e8000 r--s 0004e000 08:06 3936696                    /home/egz/.m2/repository/org/apache/httpcomponents/httpclient/4.1.2/httpclient-4.1.2.jar
7f92140e8000-7f92140eb000 r--s 0001c000 08:06 4196941                    /home/egz/.m2/repository/com/netflix/eureka/eureka-core/1.1.114/eureka-core-1.1.114.jar
7f92140eb000-7f92140f4000 r--s 0006f000 08:06 4326753                    /home/egz/.m2/repository/log4j/log4j/1.2.17/log4j-1.2.17.jar
7f92140f4000-7f92140f7000 r--s 0001d000 08:06 4197989                    /home/egz/.m2/repository/com/sun/jersey/jersey-client/1.11/jersey-client-1.11.jar
7f92140f7000-7f92140fb000 r--s 00028000 08:06 4196799                    /home/egz/.m2/repository/com/netflix/servo/servo-core/0.4.44/servo-core-0.4.44.jar
7f92140fb000-7f9214102000 r--s 00060000 08:06 4199095                    /home/egz/.m2/repository/net/spy/spymemcached/2.9.1/spymemcached-2.9.1.jar
7f9214102000-7f9214104000 r--s 0000d000 08:06 4197094                    /home/egz/.m2/repository/com/netflix/evcache/evcache-client/1.0.5/evcache-client-1.0.5.jar
7f9214104000-7f921411a000 r--s 000df000 08:06 4328452                    /home/egz/.m2/repository/io/reactivex/rxjava/1.1.1/rxjava-1.1.1.jar
7f921411a000-7f9214122000 r--s 00041000 08:06 4198214                    /home/egz/.m2/repository/com/netflix/hystrix/hystrix-core/1.4.23/hystrix-core-1.4.23.jar
7f9214122000-7f9214126000 r--s 0000f000 08:06 4196325                    /home/egz/.m2/repository/com/google/code/findbugs/annotations/2.0.0/annotations-2.0.0.jar
7f9214126000-7f9214128000 r--s 0000d000 08:06 4326284                    /home/egz/.m2/repository/commons-logging/commons-logging/1.1.1/commons-logging-1.1.1.jar
7f9214128000-7f921412d000 r--s 00041000 08:06 4326242                    /home/egz/.m2/repository/commons-lang/commons-lang/2.6/commons-lang-2.6.jar
7f921412d000-7f9214134000 r--s 00050000 08:06 4326222                    /home/egz/.m2/repository/commons-configuration/commons-configuration/1.8/commons-configuration-1.8.jar
7f9214134000-7f9214137000 r--s 0001e000 08:06 4198599                    /home/egz/.m2/repository/com/netflix/archaius/archaius-core/0.6.5/archaius-core-0.6.5.jar
7f9214137000-7f921413a000 r--s 00009000 08:06 4325958                    /home/egz/.m2/repository/javax/validation/validation-api/1.0.0.GA/validation-api-1.0.0.GA.jar
7f921413a000-7f9214141000 r--s 00040000 08:06 4065120                    /home/egz/.m2/repository/org/hibernate/hibernate-validator/4.1.0.Final/hibernate-validator-4.1.0.Final.jar
7f9214141000-7f9214143000 r--s 0000f000 08:06 3934505                    /home/egz/.m2/repository/org/apache/xbean/xbean-bundleutils/3.11.1/xbean-bundleutils-3.11.1.jar
7f9214143000-7f9214148000 r--s 0002d000 08:06 4326211                    /home/egz/.m2/repository/asm/asm-all/3.2/asm-all-3.2.jar
7f9214148000-7f921414b000 r--s 00021000 08:06 3934485                    /home/egz/.m2/repository/org/apache/xbean/xbean-finder/3.11.1/xbean-finder-3.11.1.jar
7f921414b000-7f921414c000 r--s 0000e000 08:06 4064524                    /home/egz/.m2/repository/org/codehaus/jsr166-mirror/jsr166y/1.7.0/jsr166y-1.7.0.jar
7f921414c000-7f921414e000 r--s 00008000 08:06 4196251                    /home/egz/.m2/repository/com/google/inject/extensions/guice-assistedinject/3.0/guice-assistedinject-3.0.jar
7f921414e000-7f9214150000 r--s 0000b000 08:06 4196241                    /home/egz/.m2/repository/com/google/inject/extensions/guice-grapher/3.0/guice-grapher-3.0.jar
7f9214150000-7f9214156000 r--s 00030000 08:06 4198597                    /home/egz/.m2/repository/com/netflix/governator/governator/1.2.19/governator-1.2.19.jar
7f9214156000-7f9214159000 r--s 00018000 08:06 4066389                    /home/egz/.m2/repository/commons-io/commons-io/1.4/commons-io-1.4.jar
7f9214159000-7f921415b000 r--s 00005000 08:06 4326473                    /home/egz/.m2/repository/stax/stax-api/1.0.1/stax-api-1.0.1.jar
7f921415b000-7f921415d000 r--s 0000f000 08:06 4064658                    /home/egz/.m2/repository/org/codehaus/jettison/jettison/1.1/jettison-1.1.jar
7f921415d000-7f9214160000 r--s 00015000 08:06 4325575                    /home/egz/.m2/repository/com/github/stephenc/high-scale-lib/high-scale-lib/1.1.2/high-scale-lib-1.1.2.jar
7f9214160000-7f9214165000 r--s 00034000 08:06 4326511                    /home/egz/.m2/repository/commons-beanutils/commons-beanutils/1.8.2/commons-beanutils-1.8.2.jar
7f9214165000-7f9214166000 r--s 00002000 08:06 4067862                    /home/egz/.m2/repository/org/slf4j/slf4j-simple/1.7.0/slf4j-simple-1.7.0.jar
7f9214166000-7f9214175000 r--s 000c8000 08:06 4065822                    /home/egz/.m2/repository/org/freemarker/freemarker/2.3.15/freemarker-2.3.15.jar
7f9214175000-7f921417d000 r--s 000f6000 08:06 4197083                    /home/egz/.m2/repository/com/netflix/pytheas/pytheas-core/1.11/pytheas-core-1.11.jar
7f921417d000-7f9214182000 r--s 0003b000 08:06 4065744                    /home/egz/.m2/repository/org/eclipse/jetty/jetty-util/7.6.7.v20120910/jetty-util-7.6.7.v20120910.jar
7f9214182000-7f9214184000 r--s 00016000 08:06 4065734                    /home/egz/.m2/repository/org/eclipse/jetty/jetty-io/7.6.7.v20120910/jetty-io-7.6.7.v20120910.jar
7f9214184000-7f9214187000 r--s 00014000 08:06 4065724                    /home/egz/.m2/repository/org/eclipse/jetty/jetty-http/7.6.7.v20120910/jetty-http-7.6.7.v20120910.jar
7f9214187000-7f9214188000 r--s 00004000 08:06 4065714                    /home/egz/.m2/repository/org/eclipse/jetty/jetty-continuation/7.6.7.v20120910/jetty-continuation-7.6.7.v20120910.jar
7f9214188000-7f921418d000 r--s 00048000 08:06 4065704                    /home/egz/.m2/repository/org/eclipse/jetty/jetty-server/7.6.7.v20120910/jetty-server-7.6.7.v20120910.jar
7f921418d000-7f9214191000 r--s 00035000 08:06 4064568                    /home/egz/.m2/repository/org/codehaus/jackson/jackson-core-asl/1.9.11/jackson-core-asl-1.9.11.jar
7f9214191000-7f92141a0000 r--s 000b0000 08:06 4064535                    /home/egz/.m2/repository/org/codehaus/jackson/jackson-mapper-asl/1.9.11/jackson-mapper-asl-1.9.11.jar
7f92141a0000-7f92141a3000 r--s 00012000 08:06 4065694                    /home/egz/.m2/repository/org/eclipse/jetty/jetty-security/7.6.7.v20120910/jetty-security-7.6.7.v20120910.jar
7f92141a3000-7f92141a5000 r--s 00014000 08:06 4065670                    /home/egz/.m2/repository/org/eclipse/jetty/jetty-servlet/7.6.7.v20120910/jetty-servlet-7.6.7.v20120910.jar
7f92141a5000-7f92141a7000 r--s 00002000 08:06 4197044                    /home/egz/.m2/repository/com/netflix/karyon/karyon-admin/1.0.20/karyon-admin-1.0.20.jar
7f92141a7000-7f92141a9000 r--s 00000000 08:06 4196998                    /home/egz/.m2/repository/com/netflix/karyon/karyon-spi/1.0.20/karyon-spi-1.0.20.jar
7f92141a9000-7f92141ab000 r--s 00003000 08:06 4196975                    /home/egz/.m2/repository/com/netflix/karyon/karyon-eureka/1.0.20/karyon-eureka-1.0.20.jar
7f92141ab000-7f92141ad000 r--s 00005000 08:06 4067517                    /home/egz/.m2/repository/org/slf4j/slf4j-api/1.6.4/slf4j-api-1.6.4.jar
7f92141ad000-7f92141bb000 r--s 0007f000 08:06 4326532                    /home/egz/.m2/repository/commons-collections/commons-collections/3.2.1/commons-collections-3.2.1.jar
7f92141bb000-7f92141bd000 r--s 00004000 08:06 4196952                    /home/egz/.m2/repository/com/netflix/karyon/karyon-core/1.0.20/karyon-core-1.0.20.jar
7f92141bd000-7f92141e6000 r--s 001ee000 08:06 4196126                    /home/egz/.m2/repository/com/google/guava/guava/14.0.1/guava-14.0.1.jar
7f92141e6000-7f92141e8000 r--s 00012000 08:06 4199331                    /home/egz/.m2/repository/com/google/inject/extensions/guice-multibindings/4.0/guice-multibindings-4.0.jar
7f92141e8000-7f92141ea000 r--s 00011000 08:06 4199329                    /home/egz/.m2/repository/com/google/inject/extensions/guice-servlet/4.0/guice-servlet-4.0.jar
7f92141ea000-7f92141f8000 r--s 00096000 08:06 4199327                    /home/egz/.m2/repository/com/google/inject/guice/4.0/guice-4.0.jar
7f92141f8000-7f9214210000 r--s 00115000 08:06 4328135                    /home/egz/.m2/repository/io/netty/netty/3.9.0.Final/netty-3.9.0.Final.jar
7f9214210000-7f9218000000 rw-p 00000000 00:00 0 
7f9218000000-7f9218021000 rw-p 00000000 00:00 0 
7f9218021000-7f921c000000 ---p 00000000 00:00 0 
7f921c000000-7f921c021000 rw-p 00000000 00:00 0 
7f921c021000-7f9220000000 ---p 00000000 00:00 0 
7f9220000000-7f9220021000 rw-p 00000000 00:00 0 
7f9220021000-7f9224000000 ---p 00000000 00:00 0 
7f9224000000-7f9224001000 r--s 00000000 08:06 4197021                    /home/egz/.m2/repository/com/netflix/karyon/karyon-extensions/1.0.20/karyon-extensions-1.0.20.jar
7f9224001000-7f9224003000 r--s 00000000 08:06 4326490                    /home/egz/.m2/repository/aopalliance/aopalliance/1.0/aopalliance-1.0.jar
7f9224003000-7f9224006000 r--s 00012000 08:06 4328137                    /home/egz/.m2/repository/com/codahale/metrics/metrics-core/3.0.2/metrics-core-3.0.2.jar
7f9224006000-7f9224011000 r--s 0007a000 08:06 4328133                    /home/egz/.m2/repository/com/datastax/cassandra/cassandra-driver-core/2.0.3/cassandra-driver-core-2.0.3.jar
7f9224011000-7f9224013000 r--s 00007000 08:06 4199325                    /home/egz/.m2/repository/com/fasterxml/jackson/module/jackson-module-jaxb-annotations/2.7.1/jackson-module-jaxb-annotations-2.7.1.jar
7f9224013000-7f9224024000 r--s 00114000 08:06 4199323                    /home/egz/.m2/repository/com/fasterxml/jackson/core/jackson-databind/2.7.1/jackson-databind-2.7.1.jar
7f9224024000-7f9224027000 r--s 0003b000 08:06 4199321                    /home/egz/.m2/repository/com/fasterxml/jackson/core/jackson-core/2.7.1/jackson-core-2.7.1.jar
7f9224027000-7f9224029000 r--s 00006000 08:06 4199319                    /home/egz/.m2/repository/com/fasterxml/jackson/jaxrs/jackson-jaxrs-base/2.7.1/jackson-jaxrs-base-2.7.1.jar
7f9224029000-7f922402a000 ---p 00000000 00:00 0 
7f922402a000-7f922412a000 rw-p 00000000 00:00 0                          [stack:14109]
7f922412a000-7f922412d000 ---p 00000000 00:00 0 
7f922412d000-7f922422b000 rw-p 00000000 00:00 0                          [stack:14108]
7f922422b000-7f922422e000 ---p 00000000 00:00 0 
7f922422e000-7f922432c000 rw-p 00000000 00:00 0                          [stack:14107]
7f922432c000-7f922432f000 ---p 00000000 00:00 0 
7f922432f000-7f922442d000 rw-p 00000000 00:00 0                          [stack:14106]
7f922442d000-7f9224430000 ---p 00000000 00:00 0 
7f9224430000-7f922452e000 rw-p 00000000 00:00 0                          [stack:14105]
7f922452e000-7f9224531000 ---p 00000000 00:00 0 
7f9224531000-7f922462f000 rw-p 00000000 00:00 0                          [stack:14104]
7f922462f000-7f92248f9000 r--p 00000000 08:05 792835                     /usr/lib/locale/locale-archive
7f92248f9000-7f92248fc000 ---p 00000000 00:00 0 
7f92248fc000-7f92249fa000 rw-p 00000000 00:00 0                          [stack:14103]
7f92249fa000-7f92249fd000 ---p 00000000 00:00 0 
7f92249fd000-7f9224afb000 rw-p 00000000 00:00 0                          [stack:14102]
7f9224afb000-7f9224afc000 ---p 00000000 00:00 0 
7f9224afc000-7f9225000000 rw-p 00000000 00:00 0                          [stack:14101]
7f9225000000-7f92254e0000 rwxp 00000000 00:00 0 
7f92254e0000-7f9234000000 ---p 00000000 00:00 0 
7f9234000000-7f9235131000 rw-p 00000000 00:00 0 
7f9235131000-7f9238000000 ---p 00000000 00:00 0 
7f9238000000-7f9238002000 r--s 00003000 08:06 4199317                    /home/egz/.m2/repository/com/fasterxml/jackson/jaxrs/jackson-jaxrs-json-provider/2.7.1/jackson-jaxrs-json-provider-2.7.1.jar
7f9238002000-7f9238005000 r--s 0000a000 08:06 4199315                    /home/egz/.m2/repository/com/fasterxml/jackson/core/jackson-annotations/2.7.1/jackson-annotations-2.7.1.jar
7f9238005000-7f9238009000 r--s 0001c000 08:06 4197889                    /home/egz/.m2/repository/com/sun/jersey/jersey-servlet/1.19/jersey-servlet-1.19.jar
7f9238009000-7f923800a000 r--s 00000000 08:06 4325948                    /home/egz/.m2/repository/javax/inject/javax.inject/1/javax.inject-1.jar
7f923800a000-7f923800b000 r--s 00003000 08:06 4197772                    /home/egz/.m2/repository/com/sun/jersey/contribs/jersey-guice/1.19/jersey-guice-1.19.jar
7f923800b000-7f923802d000 r--s 0016b000 08:06 4198044                    /home/egz/.m2/repository/com/sun/jersey/jersey-bundle/1.19/jersey-bundle-1.19.jar
7f923802d000-7f923802f000 r--s 0000a000 08:06 4325979                    /home/egz/.m2/repository/javax/ws/rs/jsr311-api/1.1.1/jsr311-api-1.1.1.jar
7f923802f000-7f9238039000 r--s 00061000 08:06 4198224                    /home/egz/.m2/repository/com/sun/jersey/jersey-core/1.19/jersey-core-1.19.jar
7f9238039000-7f9238049000 r--s 0009c000 08:06 4197929                    /home/egz/.m2/repository/com/sun/jersey/jersey-server/1.19/jersey-server-1.19.jar
7f9238049000-7f9238b54000 rw-p 00000000 00:00 0 
7f9238b54000-7f9238d2c000 r--s 03d1d000 08:05 1057553                    /usr/lib/jvm/java-8-oracle/jre/lib/rt.jar
7f9238d2c000-7f9239981000 rw-p 00000000 00:00 0 
7f9239981000-7f9239982000 ---p 00000000 00:00 0 
7f9239982000-7f9239a82000 rw-p 00000000 00:00 0                          [stack:14098]
7f9239a82000-7f9239a83000 ---p 00000000 00:00 0 
7f9239a83000-7f9239b83000 rw-p 00000000 00:00 0                          [stack:14097]
7f9239b83000-7f9239b84000 ---p 00000000 00:00 0 
7f9239b84000-7f9239c84000 rw-p 00000000 00:00 0                          [stack:14096]
7f9239c84000-7f9239c85000 ---p 00000000 00:00 0 
7f9239c85000-7f9239daf000 rw-p 00000000 00:00 0                          [stack:14095]
7f9239daf000-7f923a01a000 ---p 00000000 00:00 0 
7f923a01a000-7f923a044000 rw-p 00000000 00:00 0 
7f923a044000-7f923a2ae000 ---p 00000000 00:00 0 
7f923a2ae000-7f923a2d3000 rw-p 00000000 00:00 0 
7f923a2d3000-7f923a3f9000 ---p 00000000 00:00 0 
7f923a3f9000-7f923a40e000 rw-p 00000000 00:00 0 
7f923a40e000-7f923a7ba000 ---p 00000000 00:00 0 
7f923a7ba000-7f923a7d4000 r-xp 00000000 08:05 1057390                    /usr/lib/jvm/java-8-oracle/jre/lib/amd64/libzip.so
7f923a7d4000-7f923a9d4000 ---p 0001a000 08:05 1057390                    /usr/lib/jvm/java-8-oracle/jre/lib/amd64/libzip.so
7f923a9d4000-7f923a9d5000 rw-p 0001a000 08:05 1057390                    /usr/lib/jvm/java-8-oracle/jre/lib/amd64/libzip.so
7f923a9d5000-7f923a9e0000 r-xp 00000000 08:05 3801287                    /lib/x86_64-linux-gnu/libnss_files-2.19.so
7f923a9e0000-7f923abdf000 ---p 0000b000 08:05 3801287                    /lib/x86_64-linux-gnu/libnss_files-2.19.so
7f923abdf000-7f923abe0000 r--p 0000a000 08:05 3801287                    /lib/x86_64-linux-gnu/libnss_files-2.19.so
7f923abe0000-7f923abe1000 rw-p 0000b000 08:05 3801287                    /lib/x86_64-linux-gnu/libnss_files-2.19.so
7f923abe1000-7f923abec000 r-xp 00000000 08:05 3801279                    /lib/x86_64-linux-gnu/libnss_nis-2.19.so
7f923abec000-7f923adeb000 ---p 0000b000 08:05 3801279                    /lib/x86_64-linux-gnu/libnss_nis-2.19.so
7f923adeb000-7f923adec000 r--p 0000a000 08:05 3801279                    /lib/x86_64-linux-gnu/libnss_nis-2.19.so
7f923adec000-7f923aded000 rw-p 0000b000 08:05 3801279                    /lib/x86_64-linux-gnu/libnss_nis-2.19.so
7f923aded000-7f923ae04000 r-xp 00000000 08:05 3801275                    /lib/x86_64-linux-gnu/libnsl-2.19.so
7f923ae04000-7f923b003000 ---p 00017000 08:05 3801275                    /lib/x86_64-linux-gnu/libnsl-2.19.so
7f923b003000-7f923b004000 r--p 00016000 08:05 3801275                    /lib/x86_64-linux-gnu/libnsl-2.19.so
7f923b004000-7f923b005000 rw-p 00017000 08:05 3801275                    /lib/x86_64-linux-gnu/libnsl-2.19.so
7f923b005000-7f923b007000 rw-p 00000000 00:00 0 
7f923b007000-7f923b010000 r-xp 00000000 08:05 3801274                    /lib/x86_64-linux-gnu/libnss_compat-2.19.so
7f923b010000-7f923b20f000 ---p 00009000 08:05 3801274                    /lib/x86_64-linux-gnu/libnss_compat-2.19.so
7f923b20f000-7f923b210000 r--p 00008000 08:05 3801274                    /lib/x86_64-linux-gnu/libnss_compat-2.19.so
7f923b210000-7f923b211000 rw-p 00009000 08:05 3801274                    /lib/x86_64-linux-gnu/libnss_compat-2.19.so
7f923b211000-7f923b23b000 r-xp 00000000 08:05 1057538                    /usr/lib/jvm/java-8-oracle/jre/lib/amd64/libjava.so
7f923b23b000-7f923b43b000 ---p 0002a000 08:05 1057538                    /usr/lib/jvm/java-8-oracle/jre/lib/amd64/libjava.so
7f923b43b000-7f923b43d000 rw-p 0002a000 08:05 1057538                    /usr/lib/jvm/java-8-oracle/jre/lib/amd64/libjava.so
7f923b43d000-7f923b44a000 r-xp 00000000 08:05 1057388                    /usr/lib/jvm/java-8-oracle/jre/lib/amd64/libverify.so
7f923b44a000-7f923b64a000 ---p 0000d000 08:05 1057388                    /usr/lib/jvm/java-8-oracle/jre/lib/amd64/libverify.so
7f923b64a000-7f923b64c000 rw-p 0000d000 08:05 1057388                    /usr/lib/jvm/java-8-oracle/jre/lib/amd64/libverify.so
7f923b64c000-7f923b653000 r-xp 00000000 08:05 3801283                    /lib/x86_64-linux-gnu/librt-2.19.so
7f923b653000-7f923b852000 ---p 00007000 08:05 3801283                    /lib/x86_64-linux-gnu/librt-2.19.so
7f923b852000-7f923b853000 r--p 00006000 08:05 3801283                    /lib/x86_64-linux-gnu/librt-2.19.so
7f923b853000-7f923b854000 rw-p 00007000 08:05 3801283                    /lib/x86_64-linux-gnu/librt-2.19.so
7f923b854000-7f923b959000 r-xp 00000000 08:05 3801269                    /lib/x86_64-linux-gnu/libm-2.19.so
7f923b959000-7f923bb58000 ---p 00105000 08:05 3801269                    /lib/x86_64-linux-gnu/libm-2.19.so
7f923bb58000-7f923bb59000 r--p 00104000 08:05 3801269                    /lib/x86_64-linux-gnu/libm-2.19.so
7f923bb59000-7f923bb5a000 rw-p 00105000 08:05 3801269                    /lib/x86_64-linux-gnu/libm-2.19.so
7f923bb5a000-7f923c819000 r-xp 00000000 08:05 1057493                    /usr/lib/jvm/java-8-oracle/jre/lib/amd64/server/libjvm.so
7f923c819000-7f923ca18000 ---p 00cbf000 08:05 1057493                    /usr/lib/jvm/java-8-oracle/jre/lib/amd64/server/libjvm.so
7f923ca18000-7f923caf1000 rw-p 00cbe000 08:05 1057493                    /usr/lib/jvm/java-8-oracle/jre/lib/amd64/server/libjvm.so
7f923caf1000-7f923cb3a000 rw-p 00000000 00:00 0 
7f923cb3a000-7f923ccf5000 r-xp 00000000 08:05 3801284                    /lib/x86_64-linux-gnu/libc-2.19.so
7f923ccf5000-7f923cef4000 ---p 001bb000 08:05 3801284                    /lib/x86_64-linux-gnu/libc-2.19.so
7f923cef4000-7f923cef8000 r--p 001ba000 08:05 3801284                    /lib/x86_64-linux-gnu/libc-2.19.so
7f923cef8000-7f923cefa000 rw-p 001be000 08:05 3801284                    /lib/x86_64-linux-gnu/libc-2.19.so
7f923cefa000-7f923ceff000 rw-p 00000000 00:00 0 
7f923ceff000-7f923cf02000 r-xp 00000000 08:05 3801271                    /lib/x86_64-linux-gnu/libdl-2.19.so
7f923cf02000-7f923d101000 ---p 00003000 08:05 3801271                    /lib/x86_64-linux-gnu/libdl-2.19.so
7f923d101000-7f923d102000 r--p 00002000 08:05 3801271                    /lib/x86_64-linux-gnu/libdl-2.19.so
7f923d102000-7f923d103000 rw-p 00003000 08:05 3801271                    /lib/x86_64-linux-gnu/libdl-2.19.so
7f923d103000-7f923d118000 r-xp 00000000 08:05 1057386                    /usr/lib/jvm/java-8-oracle/jre/lib/amd64/jli/libjli.so
7f923d118000-7f923d318000 ---p 00015000 08:05 1057386                    /usr/lib/jvm/java-8-oracle/jre/lib/amd64/jli/libjli.so
7f923d318000-7f923d319000 rw-p 00015000 08:05 1057386                    /usr/lib/jvm/java-8-oracle/jre/lib/amd64/jli/libjli.so
7f923d319000-7f923d332000 r-xp 00000000 08:05 3801276                    /lib/x86_64-linux-gnu/libpthread-2.19.so
7f923d332000-7f923d531000 ---p 00019000 08:05 3801276                    /lib/x86_64-linux-gnu/libpthread-2.19.so
7f923d531000-7f923d532000 r--p 00018000 08:05 3801276                    /lib/x86_64-linux-gnu/libpthread-2.19.so
7f923d532000-7f923d533000 rw-p 00019000 08:05 3801276                    /lib/x86_64-linux-gnu/libpthread-2.19.so
7f923d533000-7f923d537000 rw-p 00000000 00:00 0 
7f923d537000-7f923d55a000 r-xp 00000000 08:05 3801277                    /lib/x86_64-linux-gnu/ld-2.19.so
7f923d55a000-7f923d55d000 r--s 0001b000 08:06 4067316                    /home/egz/.m2/repository/org/eclipse/jetty/orbit/javax.servlet/2.5.0.v201103041518/javax.servlet-2.5.0.v201103041518.jar
7f923d55d000-7f923d560000 r--s 00015000 08:06 4326145                    /home/egz/.m2/repository/javax/servlet/javax.servlet-api/3.1.0/javax.servlet-api-3.1.0.jar
7f923d560000-7f923d631000 rw-p 00000000 00:00 0 
7f923d631000-7f923d634000 ---p 00000000 00:00 0 
7f923d634000-7f923d736000 rw-p 00000000 00:00 0                          [stack:14094]
7f923d736000-7f923d738000 r--s 00018000 08:06 4326129                    /home/egz/.m2/repository/javax/servlet/servlet-api/2.5/servlet-api-2.5.jar
7f923d738000-7f923d73d000 r--s 0001c000 08:06 4063614                    /home/egz/.m2/repository/org/jvnet/jaxb2_commons/jaxb2-basics-runtime/0.6.5/jaxb2-basics-runtime-0.6.5.jar
7f923d73d000-7f923d744000 r--s 0005e000 08:06 3934759                    /home/egz/.m2/repository/org/apache/commons/commons-lang3/3.3.2/commons-lang3-3.3.2.jar
7f923d744000-7f923d745000 r--s 00002000 08:06 138763                     /home/egz/workspace/crud-microservices/crudmicroservices-core/target/crudmicroservices-client.jar
7f923d745000-7f923d74a000 r--s 00021000 08:06 3934133                    /home/egz/.m2/repository/org/apache/maven/surefire/surefire-api/2.15/surefire-api-2.15.jar
7f923d74a000-7f923d74c000 r--s 00008000 08:06 3934110                    /home/egz/.m2/repository/org/apache/maven/surefire/surefire-booter/2.15/surefire-booter-2.15.jar
7f923d74c000-7f923d74d000 r--s 00002000 08:06 142273                     /home/egz/workspace/crud-microservices/crudmicroservices-middle/target/surefire/surefirebooter1776266618002871966.jar
7f923d74d000-7f923d755000 rw-s 00000000 08:05 1578961                    /tmp/hsperfdata_egz/14093
7f923d755000-7f923d756000 rw-p 00000000 00:00 0 
7f923d756000-7f923d757000 ---p 00000000 00:00 0 
7f923d757000-7f923d759000 rw-p 00000000 00:00 0 
7f923d759000-7f923d75a000 r--p 00022000 08:05 3801277                    /lib/x86_64-linux-gnu/ld-2.19.so
7f923d75a000-7f923d75b000 rw-p 00023000 08:05 3801277                    /lib/x86_64-linux-gnu/ld-2.19.so
7f923d75b000-7f923d75c000 rw-p 00000000 00:00 0 
7fff372f2000-7fff37313000 rw-p 00000000 00:00 0                          [stack]
7fff373fe000-7fff37400000 r-xp 00000000 00:00 0                          [vdso]
ffffffffff600000-ffffffffff601000 r-xp 00000000 00:00 0                  [vsyscall]

VM Arguments:
java_command: /home/egz/workspace/crud-microservices/crudmicroservices-middle/target/surefire/surefirebooter1776266618002871966.jar /home/egz/workspace/crud-microservices/crudmicroservices-middle/target/surefire/surefire1206201854895236675tmp /home/egz/workspace/crud-microservices/crudmicroservices-middle/target/surefire/surefire_07716360377615718380tmp
java_class_path (initial): /home/egz/workspace/crud-microservices/crudmicroservices-middle/target/surefire/surefirebooter1776266618002871966.jar
Launcher Type: SUN_STANDARD

Environment Variables:
JAVA_HOME=/usr/lib/jvm/java-8-oracle
PATH=/home/egz/bin:/usr/local/sbin:/usr/local/bin:/usr/sbin:/usr/bin:/sbin:/bin:/usr/games:/usr/local/games
USERNAME=egz
SHELL=/bin/bash
DISPLAY=:0

Signal Handlers:
SIGSEGV: [libjvm.so+0xabb070], sa_mask[0]=11111111011111111101111111111110, sa_flags=SA_RESTART|SA_SIGINFO
SIGBUS: [libjvm.so+0xabb070], sa_mask[0]=11111111011111111101111111111110, sa_flags=SA_RESTART|SA_SIGINFO
SIGFPE: [libjvm.so+0x918480], sa_mask[0]=11111111011111111101111111111110, sa_flags=SA_RESTART|SA_SIGINFO
SIGPIPE: [libjvm.so+0x918480], sa_mask[0]=11111111011111111101111111111110, sa_flags=SA_RESTART|SA_SIGINFO
SIGXFSZ: [libjvm.so+0x918480], sa_mask[0]=11111111011111111101111111111110, sa_flags=SA_RESTART|SA_SIGINFO
SIGILL: [libjvm.so+0x918480], sa_mask[0]=11111111011111111101111111111110, sa_flags=SA_RESTART|SA_SIGINFO
SIGUSR1: SIG_DFL, sa_mask[0]=00000000000000000000000000000000, sa_flags=none
SIGUSR2: [libjvm.so+0x919ab0], sa_mask[0]=00100000000000000000000000000000, sa_flags=SA_RESTART|SA_SIGINFO
SIGHUP: [libjvm.so+0x91aeb0], sa_mask[0]=11111111011111111101111111111110, sa_flags=SA_RESTART|SA_SIGINFO
SIGINT: [libjvm.so+0x91aeb0], sa_mask[0]=11111111011111111101111111111110, sa_flags=SA_RESTART|SA_SIGINFO
SIGTERM: [libjvm.so+0x91aeb0], sa_mask[0]=11111111011111111101111111111110, sa_flags=SA_RESTART|SA_SIGINFO
SIGQUIT: [libjvm.so+0x91aeb0], sa_mask[0]=11111111011111111101111111111110, sa_flags=SA_RESTART|SA_SIGINFO


---------------  S Y S T E M  ---------------

OS:DISTRIB_ID=LinuxMint
DISTRIB_RELEASE=17.3
DISTRIB_CODENAME=rosa
DISTRIB_DESCRIPTION="Linux Mint 17.3 Rosa"

uname:Linux 3.13.0-37-generic #64-Ubuntu SMP Mon Sep 22 21:28:38 UTC 2014 x86_64
libc:glibc 2.19 NPTL 2.19 
rlimit: STACK 8192k, CORE 0k, NPROC 63127, NOFILE 4096, AS infinity
load average:28,14 15,98 7,97

/proc/meminfo:
MemTotal:        8111536 kB
MemFree:          290668 kB
Buffers:             596 kB
Cached:           807828 kB
SwapCached:        10168 kB
Active:          6272820 kB
Inactive:        1185528 kB
Active(anon):    6271312 kB
Inactive(anon):  1107680 kB
Active(file):       1508 kB
Inactive(file):    77848 kB
Unevictable:        3500 kB
Mlocked:            3500 kB
SwapTotal:       1951740 kB
SwapFree:         161468 kB
Dirty:                24 kB
Writeback:           256 kB
AnonPages:       6645088 kB
Mapped:            85256 kB
Shmem:            727940 kB
Slab:             115920 kB
SReclaimable:      57684 kB
SUnreclaim:        58236 kB
KernelStack:       10480 kB
PageTables:        85804 kB
NFS_Unstable:          0 kB
Bounce:                0 kB
WritebackTmp:          0 kB
CommitLimit:     6007508 kB
Committed_AS:   20508512 kB
VmallocTotal:   34359738367 kB
VmallocUsed:      552448 kB
VmallocChunk:   34359165092 kB
HardwareCorrupted:     0 kB
AnonHugePages:    894976 kB
HugePages_Total:       0
HugePages_Free:        0
HugePages_Rsvd:        0
HugePages_Surp:        0
Hugepagesize:       2048 kB
DirectMap4k:       90816 kB
DirectMap2M:     5087232 kB
DirectMap1G:     3145728 kB


CPU:total 4 (2 cores per cpu, 2 threads per core) family 6 model 69 stepping 1, cmov, cx8, fxsr, mmx, sse, sse2, sse3, ssse3, sse4.1, sse4.2, popcnt, avx, avx2, aes, clmul, erms, lzcnt, ht, tsc, tscinvbit, bmi1, bmi2

/proc/cpuinfo:
processor	: 0
vendor_id	: GenuineIntel
cpu family	: 6
model		: 69
model name	: Intel(R) Core(TM) i5-4210U CPU @ 1.70GHz
stepping	: 1
microcode	: 0x1c
cpu MHz		: 2401.000
cache size	: 3072 KB
physical id	: 0
siblings	: 4
core id		: 0
cpu cores	: 2
apicid		: 0
initial apicid	: 0
fpu		: yes
fpu_exception	: yes
cpuid level	: 13
wp		: yes
flags		: fpu vme de pse tsc msr pae mce cx8 apic sep mtrr pge mca cmov pat pse36 clflush dts acpi mmx fxsr sse sse2 ss ht tm pbe syscall nx pdpe1gb rdtscp lm constant_tsc arch_perfmon pebs bts rep_good nopl xtopology nonstop_tsc aperfmperf eagerfpu pni pclmulqdq dtes64 monitor ds_cpl vmx est tm2 ssse3 fma cx16 xtpr pdcm pcid sse4_1 sse4_2 movbe popcnt tsc_deadline_timer aes xsave avx f16c rdrand lahf_lm abm ida arat epb xsaveopt pln pts dtherm tpr_shadow vnmi flexpriority ept vpid fsgsbase tsc_adjust bmi1 avx2 smep bmi2 erms invpcid
bogomips	: 4789.07
clflush size	: 64
cache_alignment	: 64
address sizes	: 39 bits physical, 48 bits virtual
power management:

processor	: 1
vendor_id	: GenuineIntel
cpu family	: 6
model		: 69
model name	: Intel(R) Core(TM) i5-4210U CPU @ 1.70GHz
stepping	: 1
microcode	: 0x1c
cpu MHz		: 2401.000
cache size	: 3072 KB
physical id	: 0
siblings	: 4
core id		: 0
cpu cores	: 2
apicid		: 1
initial apicid	: 1
fpu		: yes
fpu_exception	: yes
cpuid level	: 13
wp		: yes
flags		: fpu vme de pse tsc msr pae mce cx8 apic sep mtrr pge mca cmov pat pse36 clflush dts acpi mmx fxsr sse sse2 ss ht tm pbe syscall nx pdpe1gb rdtscp lm constant_tsc arch_perfmon pebs bts rep_good nopl xtopology nonstop_tsc aperfmperf eagerfpu pni pclmulqdq dtes64 monitor ds_cpl vmx est tm2 ssse3 fma cx16 xtpr pdcm pcid sse4_1 sse4_2 movbe popcnt tsc_deadline_timer aes xsave avx f16c rdrand lahf_lm abm ida arat epb xsaveopt pln pts dtherm tpr_shadow vnmi flexpriority ept vpid fsgsbase tsc_adjust bmi1 avx2 smep bmi2 erms invpcid
bogomips	: 4789.07
clflush size	: 64
cache_alignment	: 64
address sizes	: 39 bits physical, 48 bits virtual
power management:

processor	: 2
vendor_id	: GenuineIntel
cpu family	: 6
model		: 69
model name	: Intel(R) Core(TM) i5-4210U CPU @ 1.70GHz
stepping	: 1
microcode	: 0x1c
cpu MHz		: 2300.000
cache size	: 3072 KB
physical id	: 0
siblings	: 4
core id		: 1
cpu cores	: 2
apicid		: 2
initial apicid	: 2
fpu		: yes
fpu_exception	: yes
cpuid level	: 13
wp		: yes
flags		: fpu vme de pse tsc msr pae mce cx8 apic sep mtrr pge mca cmov pat pse36 clflush dts acpi mmx fxsr sse sse2 ss ht tm pbe syscall nx pdpe1gb rdtscp lm constant_tsc arch_perfmon pebs bts rep_good nopl xtopology nonstop_tsc aperfmperf eagerfpu pni pclmulqdq dtes64 monitor ds_cpl vmx est tm2 ssse3 fma cx16 xtpr pdcm pcid sse4_1 sse4_2 movbe popcnt tsc_deadline_timer aes xsave avx f16c rdrand lahf_lm abm ida arat epb xsaveopt pln pts dtherm tpr_shadow vnmi flexpriority ept vpid fsgsbase tsc_adjust bmi1 avx2 smep bmi2 erms invpcid
bogomips	: 4789.07
clflush size	: 64
cache_alignment	: 64
address sizes	: 39 bits physical, 48 bits virtual
power management:

processor	: 3
vendor_id	: GenuineIntel
cpu family	: 6
model		: 69
model name	: Intel(R) Core(TM) i5-4210U CPU @ 1.70GHz
stepping	: 1
microcode	: 0x1c
cpu MHz		: 2401.000
cache size	: 3072 KB
physical id	: 0
siblings	: 4
core id		: 1
cpu cores	: 2
apicid		: 3
initial apicid	: 3
fpu		: yes
fpu_exception	: yes
cpuid level	: 13
wp		: yes
flags		: fpu vme de pse tsc msr pae mce cx8 apic sep mtrr pge mca cmov pat pse36 clflush dts acpi mmx fxsr sse sse2 ss ht tm pbe syscall nx pdpe1gb rdtscp lm constant_tsc arch_perfmon pebs bts rep_good nopl xtopology nonstop_tsc aperfmperf eagerfpu pni pclmulqdq dtes64 monitor ds_cpl vmx est tm2 ssse3 fma cx16 xtpr pdcm pcid sse4_1 sse4_2 movbe popcnt tsc_deadline_timer aes xsave avx f16c rdrand lahf_lm abm ida arat epb xsaveopt pln pts dtherm tpr_shadow vnmi flexpriority ept vpid fsgsbase tsc_adjust bmi1 avx2 smep bmi2 erms invpcid
bogomips	: 4789.07
clflush size	: 64
cache_alignment	: 64
address sizes	: 39 bits physical, 48 bits virtual
power management:



Memory: 4k page, physical 8111536k(290420k free), swap 1951740k(161468k free)

vm_info: Java HotSpot(TM) 64-Bit Server VM (25.74-b02) for linux-amd64 JRE (1.8.0_74-b02), built on Jan 29 2016 19:20:56 by "java_re" with gcc 4.3.0 20080428 (Red Hat 4.3.0-8)

time: Wed Mar 16 14:15:52 2016
elapsed time: 181 seconds (0d 0h 3m 1s)

